<?xml version="1.0" encoding="UTF-8"?>
<coverage generated="1770393828172" clover="3.2.0">
  <project timestamp="1770393828172" name="All files">
    <metrics statements="246" coveredstatements="161" conditionals="162" coveredconditionals="85" methods="69" coveredmethods="36" elements="477" coveredelements="282" complexity="0" loc="246" ncloc="246" packages="2" files="11" classes="11"/>
    <package name="components">
      <metrics statements="127" coveredstatements="42" conditionals="111" coveredconditionals="34" methods="44" coveredmethods="11"/>
      <file name="BalanceChart.tsx" path="/Users/Accio/Desktop/programming/Frontend/loan-sim/app/src/components/BalanceChart.tsx">
        <metrics statements="25" coveredstatements="11" conditionals="26" coveredconditionals="13" methods="6" coveredmethods="2"/>
        <line num="20" count="0" type="cond" truecount="0" falsecount="2"/>
        <line num="21" count="0" type="stmt"/>
        <line num="23" count="0" type="stmt"/>
        <line num="28" count="0" type="stmt"/>
        <line num="33" count="3" type="stmt"/>
        <line num="35" count="3" type="stmt"/>
        <line num="54" count="0" type="stmt"/>
        <line num="58" count="0" type="stmt"/>
        <line num="118" count="3" type="stmt"/>
        <line num="121" count="3" type="cond" truecount="2" falsecount="0"/>
        <line num="122" count="2" type="stmt"/>
        <line num="123" count="2" type="stmt"/>
        <line num="135" count="3" type="stmt"/>
        <line num="140" count="3" type="stmt"/>
        <line num="141" count="0" type="stmt"/>
        <line num="142" count="0" type="stmt"/>
        <line num="144" count="0" type="stmt"/>
        <line num="146" count="0" type="stmt"/>
        <line num="154" count="3" type="stmt"/>
        <line num="155" count="3" type="cond" truecount="3" falsecount="1"/>
        <line num="156" count="0" type="stmt"/>
        <line num="157" count="0" type="stmt"/>
        <line num="159" count="0" type="cond" truecount="0" falsecount="4"/>
        <line num="160" count="0" type="stmt"/>
        <line num="168" count="3" type="stmt"/>
      </file>
      <file name="LoanForm.tsx" path="/Users/Accio/Desktop/programming/Frontend/loan-sim/app/src/components/LoanForm.tsx">
        <metrics statements="76" coveredstatements="12" conditionals="65" coveredconditionals="7" methods="26" coveredmethods="2"/>
        <line num="20" count="1" type="stmt"/>
        <line num="32" count="4" type="stmt"/>
        <line num="36" count="4" type="stmt"/>
        <line num="38" count="4" type="stmt"/>
        <line num="39" count="0" type="stmt"/>
        <line num="40" count="0" type="stmt"/>
        <line num="43" count="4" type="stmt"/>
        <line num="44" count="0" type="stmt"/>
        <line num="50" count="4" type="stmt"/>
        <line num="51" count="0" type="stmt"/>
        <line num="54" count="0" type="cond" truecount="0" falsecount="2"/>
        <line num="59" count="4" type="stmt"/>
        <line num="60" count="0" type="stmt"/>
        <line num="62" count="0" type="stmt"/>
        <line num="66" count="4" type="stmt"/>
        <line num="67" count="0" type="stmt"/>
        <line num="68" count="0" type="stmt"/>
        <line num="71" count="0" type="stmt"/>
        <line num="72" count="0" type="cond" truecount="0" falsecount="4"/>
        <line num="73" count="0" type="stmt"/>
        <line num="76" count="0" type="stmt"/>
        <line num="77" count="0" type="cond" truecount="0" falsecount="4"/>
        <line num="78" count="0" type="stmt"/>
        <line num="81" count="0" type="stmt"/>
        <line num="82" count="0" type="cond" truecount="0" falsecount="4"/>
        <line num="83" count="0" type="stmt"/>
        <line num="86" count="0" type="stmt"/>
        <line num="87" count="0" type="cond" truecount="0" falsecount="2"/>
        <line num="88" count="0" type="stmt"/>
        <line num="91" count="0" type="cond" truecount="0" falsecount="2"/>
        <line num="92" count="0" type="cond" truecount="0" falsecount="2"/>
        <line num="93" count="0" type="stmt"/>
        <line num="97" count="0" type="stmt"/>
        <line num="98" count="0" type="stmt"/>
        <line num="99" count="0" type="cond" truecount="0" falsecount="2"/>
        <line num="100" count="0" type="stmt"/>
        <line num="101" count="0" type="stmt"/>
        <line num="102" count="0" type="stmt"/>
        <line num="103" count="0" type="cond" truecount="0" falsecount="5"/>
        <line num="104" count="0" type="stmt"/>
        <line num="105" count="0" type="stmt"/>
        <line num="107" count="0" type="stmt"/>
        <line num="111" count="0" type="cond" truecount="0" falsecount="2"/>
        <line num="112" count="0" type="cond" truecount="0" falsecount="2"/>
        <line num="113" count="0" type="stmt"/>
        <line num="117" count="0" type="stmt"/>
        <line num="118" count="0" type="stmt"/>
        <line num="119" count="0" type="stmt"/>
        <line num="120" count="0" type="stmt"/>
        <line num="121" count="0" type="cond" truecount="0" falsecount="2"/>
        <line num="123" count="0" type="cond" truecount="0" falsecount="2"/>
        <line num="124" count="0" type="stmt"/>
        <line num="126" count="0" type="cond" truecount="0" falsecount="2"/>
        <line num="127" count="0" type="stmt"/>
        <line num="130" count="0" type="cond" truecount="0" falsecount="4"/>
        <line num="131" count="0" type="stmt"/>
        <line num="135" count="0" type="cond" truecount="0" falsecount="2"/>
        <line num="136" count="0" type="stmt"/>
        <line num="137" count="0" type="stmt"/>
        <line num="140" count="0" type="stmt"/>
        <line num="156" count="0" type="stmt"/>
        <line num="160" count="4" type="stmt"/>
        <line num="161" count="4" type="stmt"/>
        <line num="162" count="4" type="stmt"/>
        <line num="164" count="4" type="stmt"/>
        <line num="178" count="0" type="stmt"/>
        <line num="193" count="0" type="stmt"/>
        <line num="209" count="0" type="stmt"/>
        <line num="223" count="0" type="stmt"/>
        <line num="243" count="0" type="stmt"/>
        <line num="259" count="0" type="stmt"/>
        <line num="273" count="0" type="stmt"/>
        <line num="294" count="0" type="stmt"/>
        <line num="299" count="0" type="stmt"/>
        <line num="311" count="0" type="stmt"/>
        <line num="321" count="0" type="stmt"/>
      </file>
      <file name="ScheduleTable.tsx" path="/Users/Accio/Desktop/programming/Frontend/loan-sim/app/src/components/ScheduleTable.tsx">
        <metrics statements="15" coveredstatements="10" conditionals="6" coveredconditionals="3" methods="8" coveredmethods="3"/>
        <line num="10" count="24" type="stmt"/>
        <line num="13" count="1" type="stmt"/>
        <line num="16" count="4" type="stmt"/>
        <line num="17" count="4" type="stmt"/>
        <line num="19" count="4" type="stmt"/>
        <line num="20" count="4" type="stmt"/>
        <line num="21" count="4" type="stmt"/>
        <line num="23" count="4" type="stmt"/>
        <line num="24" count="0" type="stmt"/>
        <line num="27" count="4" type="stmt"/>
        <line num="46" count="6" type="stmt"/>
        <line num="83" count="0" type="stmt"/>
        <line num="90" count="0" type="stmt"/>
        <line num="100" count="0" type="stmt"/>
        <line num="107" count="0" type="stmt"/>
      </file>
      <file name="SummaryCard.tsx" path="/Users/Accio/Desktop/programming/Frontend/loan-sim/app/src/components/SummaryCard.tsx">
        <metrics statements="11" coveredstatements="9" conditionals="14" coveredconditionals="11" methods="4" coveredmethods="4"/>
        <line num="10" count="25" type="stmt"/>
        <line num="15" count="15" type="stmt"/>
        <line num="16" count="15" type="stmt"/>
        <line num="18" count="15" type="cond" truecount="1" falsecount="1"/>
        <line num="19" count="0" type="stmt"/>
        <line num="21" count="15" type="cond" truecount="1" falsecount="1"/>
        <line num="22" count="15" type="stmt"/>
        <line num="24" count="0" type="stmt"/>
        <line num="28" count="5" type="cond" truecount="1" falsecount="1"/>
        <line num="30" count="5" type="stmt"/>
        <line num="87" count="30" type="stmt"/>
      </file>
    </package>
    <package name="domain">
      <metrics statements="119" coveredstatements="119" conditionals="51" coveredconditionals="51" methods="25" coveredmethods="25"/>
      <file name="annuity.ts" path="/Users/Accio/Desktop/programming/Frontend/loan-sim/app/src/domain/annuity.ts">
        <metrics statements="10" coveredstatements="10" conditionals="2" coveredconditionals="2" methods="3" coveredmethods="3"/>
        <line num="24" count="50" type="stmt"/>
        <line num="27" count="50" type="cond" truecount="2" falsecount="0"/>
        <line num="28" count="6" type="stmt"/>
        <line num="31" count="44" type="stmt"/>
        <line num="32" count="44" type="stmt"/>
        <line num="34" count="44" type="stmt"/>
        <line num="37" count="44" type="stmt"/>
        <line num="46" count="3679" type="stmt"/>
        <line num="59" count="3676" type="stmt"/>
        <line num="61" count="3676" type="stmt"/>
      </file>
      <file name="index.ts" path="/Users/Accio/Desktop/programming/Frontend/loan-sim/app/src/domain/index.ts">
        <metrics statements="0" coveredstatements="0" conditionals="0" coveredconditionals="0" methods="0" coveredmethods="0"/>
      </file>
      <file name="schedule.ts" path="/Users/Accio/Desktop/programming/Frontend/loan-sim/app/src/domain/schedule.ts">
        <metrics statements="34" coveredstatements="34" conditionals="12" coveredconditionals="12" methods="3" coveredmethods="3"/>
        <line num="16" count="3671" type="stmt"/>
        <line num="19" count="3671" type="cond" truecount="2" falsecount="0"/>
        <line num="20" count="435" type="stmt"/>
        <line num="21" count="435" type="cond" truecount="2" falsecount="0"/>
        <line num="22" count="53" type="stmt"/>
        <line num="27" count="3671" type="stmt"/>
        <line num="28" count="325" type="cond" truecount="2" falsecount="0"/>
        <line num="29" count="3" type="stmt"/>
        <line num="33" count="3671" type="stmt"/>
        <line num="45" count="34" type="stmt"/>
        <line num="46" count="34" type="stmt"/>
        <line num="51" count="34" type="stmt"/>
        <line num="53" count="34" type="stmt"/>
        <line num="54" count="34" type="stmt"/>
        <line num="56" count="34" type="cond" truecount="2" falsecount="0"/>
        <line num="58" count="3671" type="stmt"/>
        <line num="61" count="3671" type="stmt"/>
        <line num="64" count="3671" type="stmt"/>
        <line num="67" count="3671" type="stmt"/>
        <line num="70" count="3671" type="stmt"/>
        <line num="71" count="3671" type="stmt"/>
        <line num="73" count="3671" type="cond" truecount="2" falsecount="0"/>
        <line num="75" count="34" type="stmt"/>
        <line num="76" count="34" type="stmt"/>
        <line num="80" count="3671" type="stmt"/>
        <line num="83" count="3671" type="stmt"/>
        <line num="85" count="3671" type="stmt"/>
        <line num="95" count="3671" type="stmt"/>
        <line num="96" count="3671" type="stmt"/>
        <line num="98" count="3671" type="cond" truecount="2" falsecount="0"/>
        <line num="99" count="34" type="stmt"/>
        <line num="103" count="34" type="stmt"/>
        <line num="112" count="13" type="stmt"/>
        <line num="119" count="13" type="stmt"/>
      </file>
      <file name="summary.ts" path="/Users/Accio/Desktop/programming/Frontend/loan-sim/app/src/domain/summary.ts">
        <metrics statements="13" coveredstatements="13" conditionals="0" coveredconditionals="0" methods="6" coveredmethods="6"/>
        <line num="13" count="1040" type="stmt"/>
        <line num="20" count="2348" type="stmt"/>
        <line num="27" count="9" type="stmt"/>
        <line num="28" count="9" type="stmt"/>
        <line num="30" count="9" type="stmt"/>
        <line num="36" count="9" type="stmt"/>
        <line num="37" count="9" type="stmt"/>
        <line num="39" count="9" type="stmt"/>
        <line num="40" count="9" type="stmt"/>
        <line num="42" count="9" type="stmt"/>
        <line num="44" count="9" type="stmt"/>
        <line num="63" count="1" type="stmt"/>
        <line num="69" count="1" type="stmt"/>
      </file>
      <file name="types.ts" path="/Users/Accio/Desktop/programming/Frontend/loan-sim/app/src/domain/types.ts">
        <metrics statements="0" coveredstatements="0" conditionals="0" coveredconditionals="0" methods="0" coveredmethods="0"/>
      </file>
      <file name="validation.ts" path="/Users/Accio/Desktop/programming/Frontend/loan-sim/app/src/domain/validation.ts">
        <metrics statements="29" coveredstatements="29" conditionals="25" coveredconditionals="25" methods="3" coveredmethods="3"/>
        <line num="11" count="15" type="stmt"/>
        <line num="14" count="15" type="cond" truecount="2" falsecount="0"/>
        <line num="15" count="3" type="stmt"/>
        <line num="20" count="15" type="cond" truecount="2" falsecount="0"/>
        <line num="21" count="1" type="stmt"/>
        <line num="28" count="15" type="cond" truecount="2" falsecount="0"/>
        <line num="29" count="1" type="stmt"/>
        <line num="36" count="15" type="cond" truecount="2" falsecount="0"/>
        <line num="37" count="2" type="stmt"/>
        <line num="42" count="15" type="cond" truecount="2" falsecount="0"/>
        <line num="43" count="1" type="stmt"/>
        <line num="50" count="15" type="cond" truecount="2" falsecount="0"/>
        <line num="51" count="2" type="stmt"/>
        <line num="58" count="15" type="cond" truecount="2" falsecount="0"/>
        <line num="59" count="4" type="stmt"/>
        <line num="61" count="4" type="cond" truecount="2" falsecount="0"/>
        <line num="62" count="1" type="stmt"/>
        <line num="68" count="4" type="stmt"/>
        <line num="69" count="7" type="cond" truecount="5" falsecount="0"/>
        <line num="70" count="2" type="stmt"/>
        <line num="74" count="2" type="stmt"/>
        <line num="80" count="15" type="stmt"/>
        <line num="81" count="2" type="stmt"/>
        <line num="82" count="2" type="cond" truecount="2" falsecount="0"/>
        <line num="83" count="1" type="stmt"/>
        <line num="90" count="15" type="cond" truecount="2" falsecount="0"/>
        <line num="91" count="12" type="stmt"/>
        <line num="93" count="3" type="stmt"/>
        <line num="100" count="2" type="stmt"/>
      </file>
      <file name="yearMonth.ts" path="/Users/Accio/Desktop/programming/Frontend/loan-sim/app/src/domain/yearMonth.ts">
        <metrics statements="33" coveredstatements="33" conditionals="12" coveredconditionals="12" methods="10" coveredmethods="10"/>
        <line num="7" count="5" type="stmt"/>
        <line num="13" count="70" type="stmt"/>
        <line num="21" count="57" type="cond" truecount="2" falsecount="0"/>
        <line num="22" count="2" type="stmt"/>
        <line num="24" count="55" type="stmt"/>
        <line num="31" count="3" type="cond" truecount="2" falsecount="0"/>
        <line num="32" count="2" type="stmt"/>
        <line num="34" count="1" type="stmt"/>
        <line num="41" count="3688" type="cond" truecount="4" falsecount="0"/>
        <line num="42" count="2" type="stmt"/>
        <line num="44" count="3686" type="cond" truecount="4" falsecount="0"/>
        <line num="45" count="1" type="stmt"/>
        <line num="47" count="3685" type="stmt"/>
        <line num="48" count="3685" type="stmt"/>
        <line num="55" count="3693" type="stmt"/>
        <line num="62" count="4128" type="stmt"/>
        <line num="69" count="3678" type="stmt"/>
        <line num="70" count="3678" type="stmt"/>
        <line num="73" count="3678" type="stmt"/>
        <line num="74" count="15613" type="stmt"/>
        <line num="75" count="15613" type="stmt"/>
        <line num="77" count="3678" type="stmt"/>
        <line num="78" count="2" type="stmt"/>
        <line num="79" count="2" type="stmt"/>
        <line num="82" count="3678" type="stmt"/>
        <line num="90" count="7" type="stmt"/>
        <line num="91" count="7" type="stmt"/>
        <line num="92" count="7" type="stmt"/>
        <line num="93" count="7" type="stmt"/>
        <line num="95" count="7" type="stmt"/>
        <line num="103" count="3" type="stmt"/>
        <line num="110" count="4" type="stmt"/>
        <line num="111" count="4" type="stmt"/>
      </file>
    </package>
  </project>
</coverage>
