<?xml version="1.0" encoding="UTF-8"?>
<coverage generated="1771755578795" clover="3.2.0">
  <project timestamp="1771755578795" name="All files">
    <metrics statements="199" coveredstatements="188" conditionals="137" coveredconditionals="121" methods="59" coveredmethods="51" elements="395" coveredelements="360" complexity="0" loc="199" ncloc="199" packages="2" files="13" classes="13"/>
    <package name="components">
      <metrics statements="80" coveredstatements="69" conditionals="86" coveredconditionals="70" methods="34" coveredmethods="26"/>
      <file name="BalanceChart.tsx" path="/Users/Accio/Desktop/programming/Frontend/loan-sim/app/src/components/BalanceChart.tsx">
        <metrics statements="26" coveredstatements="19" conditionals="26" coveredconditionals="19" methods="7" coveredmethods="3"/>
        <line num="21" count="0" type="cond" truecount="0" falsecount="2"/>
        <line num="22" count="0" type="stmt"/>
        <line num="24" count="0" type="stmt"/>
        <line num="29" count="0" type="stmt"/>
        <line num="34" count="12" type="stmt"/>
        <line num="35" count="12" type="stmt"/>
        <line num="39" count="12" type="stmt"/>
        <line num="58" count="0" type="stmt"/>
        <line num="62" count="0" type="stmt"/>
        <line num="122" count="12" type="stmt"/>
        <line num="125" count="12" type="cond" truecount="2" falsecount="0"/>
        <line num="126" count="11" type="stmt"/>
        <line num="127" count="11" type="stmt"/>
        <line num="139" count="12" type="stmt"/>
        <line num="144" count="12" type="stmt"/>
        <line num="145" count="69" type="stmt"/>
        <line num="146" count="69" type="stmt"/>
        <line num="148" count="69" type="stmt"/>
        <line num="150" count="69" type="stmt"/>
        <line num="158" count="12" type="stmt"/>
        <line num="159" count="12" type="cond" truecount="4" falsecount="0"/>
        <line num="160" count="9" type="stmt"/>
        <line num="161" count="9" type="stmt"/>
        <line num="163" count="9" type="cond" truecount="3" falsecount="1"/>
        <line num="164" count="0" type="stmt"/>
        <line num="172" count="12" type="stmt"/>
      </file>
      <file name="LoanForm.tsx" path="/Users/Accio/Desktop/programming/Frontend/loan-sim/app/src/components/LoanForm.tsx">
        <metrics statements="17" coveredstatements="16" conditionals="20" coveredconditionals="17" methods="7" coveredmethods="6"/>
        <line num="10" count="2" type="stmt"/>
        <line num="11" count="2" type="stmt"/>
        <line num="12" count="2" type="stmt"/>
        <line num="23" count="138" type="stmt"/>
        <line num="25" count="138" type="stmt"/>
        <line num="26" count="22" type="stmt"/>
        <line num="27" count="22" type="stmt"/>
        <line num="28" count="22" type="cond" truecount="2" falsecount="0"/>
        <line num="29" count="13" type="stmt"/>
        <line num="30" count="9" type="cond" truecount="1" falsecount="1"/>
        <line num="32" count="9" type="stmt"/>
        <line num="36" count="138" type="stmt"/>
        <line num="50" count="33" type="stmt"/>
        <line num="71" count="4" type="stmt"/>
        <line num="91" count="8" type="stmt"/>
        <line num="111" count="0" type="stmt"/>
        <line num="131" count="24" type="stmt"/>
      </file>
      <file name="OneTimeExtrasList.tsx" path="/Users/Accio/Desktop/programming/Frontend/loan-sim/app/src/components/OneTimeExtrasList.tsx">
        <metrics statements="7" coveredstatements="7" conditionals="8" coveredconditionals="6" methods="5" coveredmethods="5"/>
        <line num="27" count="138" type="stmt"/>
        <line num="41" count="24" type="stmt"/>
        <line num="42" count="24" type="stmt"/>
        <line num="43" count="24" type="stmt"/>
        <line num="50" count="1" type="stmt"/>
        <line num="68" count="7" type="stmt"/>
        <line num="83" count="1" type="stmt"/>
      </file>
      <file name="PrepaymentSection.tsx" path="/Users/Accio/Desktop/programming/Frontend/loan-sim/app/src/components/PrepaymentSection.tsx">
        <metrics statements="4" coveredstatements="4" conditionals="12" coveredconditionals="8" methods="4" coveredmethods="4"/>
        <line num="37" count="138" type="stmt"/>
        <line num="50" count="12" type="stmt"/>
        <line num="72" count="6" type="stmt"/>
        <line num="92" count="6" type="stmt"/>
      </file>
      <file name="ScheduleTable.tsx" path="/Users/Accio/Desktop/programming/Frontend/loan-sim/app/src/components/ScheduleTable.tsx">
        <metrics statements="16" coveredstatements="13" conditionals="6" coveredconditionals="6" methods="8" coveredmethods="5"/>
        <line num="9" count="2" type="stmt"/>
        <line num="12" count="19" type="stmt"/>
        <line num="14" count="19" type="stmt"/>
        <line num="15" count="15" type="stmt"/>
        <line num="17" count="19" type="stmt"/>
        <line num="19" count="19" type="stmt"/>
        <line num="20" count="19" type="stmt"/>
        <line num="21" count="19" type="stmt"/>
        <line num="23" count="19" type="stmt"/>
        <line num="24" count="1" type="stmt"/>
        <line num="27" count="19" type="stmt"/>
        <line num="46" count="312" type="stmt"/>
        <line num="86" count="0" type="stmt"/>
        <line num="94" count="0" type="stmt"/>
        <line num="105" count="1" type="stmt"/>
        <line num="113" count="0" type="stmt"/>
      </file>
      <file name="SummaryCard.tsx" path="/Users/Accio/Desktop/programming/Frontend/loan-sim/app/src/components/SummaryCard.tsx">
        <metrics statements="10" coveredstatements="10" conditionals="14" coveredconditionals="14" methods="3" coveredmethods="3"/>
        <line num="11" count="26" type="stmt"/>
        <line num="12" count="26" type="stmt"/>
        <line num="14" count="26" type="cond" truecount="2" falsecount="0"/>
        <line num="15" count="1" type="stmt"/>
        <line num="17" count="25" type="cond" truecount="2" falsecount="0"/>
        <line num="18" count="24" type="stmt"/>
        <line num="20" count="1" type="stmt"/>
        <line num="24" count="14" type="cond" truecount="2" falsecount="0"/>
        <line num="26" count="14" type="stmt"/>
        <line num="83" count="68" type="stmt"/>
      </file>
    </package>
    <package name="domain">
      <metrics statements="119" coveredstatements="119" conditionals="51" coveredconditionals="51" methods="25" coveredmethods="25"/>
      <file name="annuity.ts" path="/Users/Accio/Desktop/programming/Frontend/loan-sim/app/src/domain/annuity.ts">
        <metrics statements="10" coveredstatements="10" conditionals="2" coveredconditionals="2" methods="3" coveredmethods="3"/>
        <line num="24" count="77" type="stmt"/>
        <line num="27" count="77" type="cond" truecount="2" falsecount="0"/>
        <line num="28" count="6" type="stmt"/>
        <line num="31" count="71" type="stmt"/>
        <line num="32" count="71" type="stmt"/>
        <line num="34" count="71" type="stmt"/>
        <line num="37" count="71" type="stmt"/>
        <line num="46" count="5325" type="stmt"/>
        <line num="59" count="5322" type="stmt"/>
        <line num="61" count="5322" type="stmt"/>
      </file>
      <file name="index.ts" path="/Users/Accio/Desktop/programming/Frontend/loan-sim/app/src/domain/index.ts">
        <metrics statements="0" coveredstatements="0" conditionals="0" coveredconditionals="0" methods="0" coveredmethods="0"/>
      </file>
      <file name="schedule.ts" path="/Users/Accio/Desktop/programming/Frontend/loan-sim/app/src/domain/schedule.ts">
        <metrics statements="34" coveredstatements="34" conditionals="12" coveredconditionals="12" methods="3" coveredmethods="3"/>
        <line num="16" count="5317" type="stmt"/>
        <line num="19" count="5317" type="cond" truecount="2" falsecount="0"/>
        <line num="20" count="435" type="stmt"/>
        <line num="21" count="435" type="cond" truecount="2" falsecount="0"/>
        <line num="22" count="53" type="stmt"/>
        <line num="27" count="5317" type="stmt"/>
        <line num="28" count="325" type="cond" truecount="2" falsecount="0"/>
        <line num="29" count="3" type="stmt"/>
        <line num="33" count="5317" type="stmt"/>
        <line num="45" count="52" type="stmt"/>
        <line num="46" count="52" type="stmt"/>
        <line num="51" count="52" type="stmt"/>
        <line num="53" count="52" type="stmt"/>
        <line num="54" count="52" type="stmt"/>
        <line num="56" count="52" type="cond" truecount="2" falsecount="0"/>
        <line num="58" count="5317" type="stmt"/>
        <line num="61" count="5317" type="stmt"/>
        <line num="64" count="5317" type="stmt"/>
        <line num="67" count="5317" type="stmt"/>
        <line num="70" count="5317" type="stmt"/>
        <line num="71" count="5317" type="stmt"/>
        <line num="73" count="5317" type="cond" truecount="2" falsecount="0"/>
        <line num="75" count="52" type="stmt"/>
        <line num="76" count="52" type="stmt"/>
        <line num="80" count="5317" type="stmt"/>
        <line num="83" count="5317" type="stmt"/>
        <line num="85" count="5317" type="stmt"/>
        <line num="95" count="5317" type="stmt"/>
        <line num="96" count="5317" type="stmt"/>
        <line num="98" count="5317" type="cond" truecount="2" falsecount="0"/>
        <line num="99" count="52" type="stmt"/>
        <line num="103" count="52" type="stmt"/>
        <line num="112" count="22" type="stmt"/>
        <line num="119" count="22" type="stmt"/>
      </file>
      <file name="summary.ts" path="/Users/Accio/Desktop/programming/Frontend/loan-sim/app/src/domain/summary.ts">
        <metrics statements="13" coveredstatements="13" conditionals="0" coveredconditionals="0" methods="6" coveredmethods="6"/>
        <line num="13" count="1858" type="stmt"/>
        <line num="20" count="4812" type="stmt"/>
        <line num="27" count="9" type="stmt"/>
        <line num="28" count="9" type="stmt"/>
        <line num="30" count="9" type="stmt"/>
        <line num="36" count="9" type="stmt"/>
        <line num="37" count="9" type="stmt"/>
        <line num="39" count="9" type="stmt"/>
        <line num="40" count="9" type="stmt"/>
        <line num="42" count="9" type="stmt"/>
        <line num="44" count="9" type="stmt"/>
        <line num="63" count="10" type="stmt"/>
        <line num="69" count="10" type="stmt"/>
      </file>
      <file name="types.ts" path="/Users/Accio/Desktop/programming/Frontend/loan-sim/app/src/domain/types.ts">
        <metrics statements="0" coveredstatements="0" conditionals="0" coveredconditionals="0" methods="0" coveredmethods="0"/>
      </file>
      <file name="validation.ts" path="/Users/Accio/Desktop/programming/Frontend/loan-sim/app/src/domain/validation.ts">
        <metrics statements="29" coveredstatements="29" conditionals="25" coveredconditionals="25" methods="3" coveredmethods="3"/>
        <line num="11" count="15" type="stmt"/>
        <line num="14" count="15" type="cond" truecount="2" falsecount="0"/>
        <line num="15" count="3" type="stmt"/>
        <line num="20" count="15" type="cond" truecount="2" falsecount="0"/>
        <line num="21" count="1" type="stmt"/>
        <line num="28" count="15" type="cond" truecount="2" falsecount="0"/>
        <line num="29" count="1" type="stmt"/>
        <line num="36" count="15" type="cond" truecount="2" falsecount="0"/>
        <line num="37" count="2" type="stmt"/>
        <line num="42" count="15" type="cond" truecount="2" falsecount="0"/>
        <line num="43" count="1" type="stmt"/>
        <line num="50" count="15" type="cond" truecount="2" falsecount="0"/>
        <line num="51" count="2" type="stmt"/>
        <line num="58" count="15" type="cond" truecount="2" falsecount="0"/>
        <line num="59" count="4" type="stmt"/>
        <line num="61" count="4" type="cond" truecount="2" falsecount="0"/>
        <line num="62" count="1" type="stmt"/>
        <line num="68" count="4" type="stmt"/>
        <line num="69" count="7" type="cond" truecount="5" falsecount="0"/>
        <line num="70" count="2" type="stmt"/>
        <line num="74" count="2" type="stmt"/>
        <line num="80" count="15" type="stmt"/>
        <line num="81" count="2" type="stmt"/>
        <line num="82" count="2" type="cond" truecount="2" falsecount="0"/>
        <line num="83" count="1" type="stmt"/>
        <line num="90" count="15" type="cond" truecount="2" falsecount="0"/>
        <line num="91" count="12" type="stmt"/>
        <line num="93" count="3" type="stmt"/>
        <line num="100" count="2" type="stmt"/>
      </file>
      <file name="yearMonth.ts" path="/Users/Accio/Desktop/programming/Frontend/loan-sim/app/src/domain/yearMonth.ts">
        <metrics statements="33" coveredstatements="33" conditionals="12" coveredconditionals="12" methods="10" coveredmethods="10"/>
        <line num="7" count="6" type="stmt"/>
        <line num="13" count="95" type="stmt"/>
        <line num="21" count="57" type="cond" truecount="2" falsecount="0"/>
        <line num="22" count="2" type="stmt"/>
        <line num="24" count="55" type="stmt"/>
        <line num="31" count="28" type="cond" truecount="2" falsecount="0"/>
        <line num="32" count="4" type="stmt"/>
        <line num="34" count="24" type="stmt"/>
        <line num="41" count="5363" type="cond" truecount="4" falsecount="0"/>
        <line num="42" count="2" type="stmt"/>
        <line num="44" count="5361" type="cond" truecount="4" falsecount="0"/>
        <line num="45" count="1" type="stmt"/>
        <line num="47" count="5360" type="stmt"/>
        <line num="48" count="5360" type="stmt"/>
        <line num="55" count="5339" type="stmt"/>
        <line num="62" count="5774" type="stmt"/>
        <line num="69" count="5324" type="stmt"/>
        <line num="70" count="5324" type="stmt"/>
        <line num="73" count="5324" type="stmt"/>
        <line num="74" count="21378" type="stmt"/>
        <line num="75" count="21378" type="stmt"/>
        <line num="77" count="5324" type="stmt"/>
        <line num="78" count="2" type="stmt"/>
        <line num="79" count="2" type="stmt"/>
        <line num="82" count="5324" type="stmt"/>
        <line num="90" count="7" type="stmt"/>
        <line num="91" count="7" type="stmt"/>
        <line num="92" count="7" type="stmt"/>
        <line num="93" count="7" type="stmt"/>
        <line num="95" count="7" type="stmt"/>
        <line num="103" count="3" type="stmt"/>
        <line num="110" count="33" type="stmt"/>
        <line num="111" count="33" type="stmt"/>
      </file>
    </package>
  </project>
</coverage>
