{"/Users/Accio/Desktop/programming/Frontend/loan-sim/app/src/components/BalanceChart.tsx": {"path":"/Users/Accio/Desktop/programming/Frontend/loan-sim/app/src/components/BalanceChart.tsx","statementMap":{"0":{"start":{"line":20,"column":2},"end":{"line":22,"column":null}},"1":{"start":{"line":21,"column":4},"end":{"line":21,"column":null}},"2":{"start":{"line":23,"column":2},"end":{"line":23,"column":null}},"3":{"start":{"line":28,"column":2},"end":{"line":28,"column":null}},"4":{"start":{"line":33,"column":20},"end":{"line":33,"column":null}},"5":{"start":{"line":35,"column":2},"end":{"line":104,"column":null}},"6":{"start":{"line":54,"column":42},"end":{"line":57,"column":null}},"7":{"start":{"line":58,"column":41},"end":{"line":58,"column":null}},"8":{"start":{"line":118,"column":33},"end":{"line":118,"column":null}},"9":{"start":{"line":121,"column":2},"end":{"line":132,"column":null}},"10":{"start":{"line":122,"column":21},"end":{"line":122,"column":null}},"11":{"start":{"line":123,"column":4},"end":{"line":131,"column":null}},"12":{"start":{"line":135,"column":20},"end":{"line":138,"column":null}},"13":{"start":{"line":140,"column":2},"end":{"line":151,"column":null}},"14":{"start":{"line":140,"column":15},"end":{"line":140,"column":19}},"15":{"start":{"line":141,"column":16},"end":{"line":141,"column":null}},"16":{"start":{"line":142,"column":23},"end":{"line":142,"column":null}},"17":{"start":{"line":144,"column":17},"end":{"line":144,"column":null}},"18":{"start":{"line":146,"column":4},"end":{"line":150,"column":null}},"19":{"start":{"line":154,"column":18},"end":{"line":154,"column":null}},"20":{"start":{"line":155,"column":2},"end":{"line":166,"column":null}},"21":{"start":{"line":156,"column":27},"end":{"line":156,"column":null}},"22":{"start":{"line":157,"column":26},"end":{"line":157,"column":null}},"23":{"start":{"line":159,"column":4},"end":{"line":165,"column":null}},"24":{"start":{"line":160,"column":6},"end":{"line":164,"column":null}},"25":{"start":{"line":168,"column":2},"end":{"line":168,"column":null}}},"fnMap":{"0":{"name":"formatYAxis","decl":{"start":{"line":19,"column":9},"end":{"line":19,"column":21}},"loc":{"start":{"line":19,"column":44},"end":{"line":24,"column":null}},"line":19},"1":{"name":"formatTooltip","decl":{"start":{"line":27,"column":9},"end":{"line":27,"column":23}},"loc":{"start":{"line":27,"column":46},"end":{"line":29,"column":null}},"line":27},"2":{"name":"BalanceChart","decl":{"start":{"line":31,"column":16},"end":{"line":31,"column":29}},"loc":{"start":{"line":31,"column":89},"end":{"line":106,"column":null}},"line":31},"3":{"name":"(anonymous_3)","decl":{"start":{"line":54,"column":25},"end":{"line":54,"column":26}},"loc":{"start":{"line":54,"column":42},"end":{"line":57,"column":null}},"line":54},"4":{"name":"(anonymous_4)","decl":{"start":{"line":58,"column":30},"end":{"line":58,"column":31}},"loc":{"start":{"line":58,"column":41},"end":{"line":58,"column":null}},"line":58},"5":{"name":"prepareChartData","decl":{"start":{"line":114,"column":9},"end":{"line":114,"column":null}},"loc":{"start":{"line":117,"column":20},"end":{"line":169,"column":null}},"line":117}},"branchMap":{"0":{"loc":{"start":{"line":20,"column":2},"end":{"line":22,"column":null}},"type":"if","locations":[{"start":{"line":20,"column":2},"end":{"line":22,"column":null}},{"start":{},"end":{}}],"line":20},"1":{"loc":{"start":{"line":55,"column":30},"end":{"line":55,"column":67}},"type":"cond-expr","locations":[{"start":{"line":55,"column":58},"end":{"line":55,"column":66}},{"start":{"line":55,"column":66},"end":{"line":55,"column":67}}],"line":55},"2":{"loc":{"start":{"line":56,"column":16},"end":{"line":56,"column":null}},"type":"cond-expr","locations":[{"start":{"line":56,"column":37},"end":{"line":56,"column":44}},{"start":{"line":56,"column":44},"end":{"line":56,"column":null}}],"line":56},"3":{"loc":{"start":{"line":67,"column":13},"end":{"line":76,"column":null}},"type":"binary-expr","locations":[{"start":{"line":67,"column":13},"end":{"line":67,"column":null}},{"start":{"line":68,"column":14},"end":{"line":76,"column":null}}],"line":67},"4":{"loc":{"start":{"line":92,"column":7},"end":{"line":102,"column":null}},"type":"binary-expr","locations":[{"start":{"line":92,"column":7},"end":{"line":92,"column":null}},{"start":{"line":93,"column":8},"end":{"line":102,"column":null}}],"line":92},"5":{"loc":{"start":{"line":121,"column":2},"end":{"line":132,"column":null}},"type":"if","locations":[{"start":{"line":121,"column":2},"end":{"line":132,"column":null}},{"start":{},"end":{}}],"line":121},"6":{"loc":{"start":{"line":126,"column":22},"end":{"line":130,"column":null}},"type":"cond-expr","locations":[{"start":{"line":127,"column":10},"end":{"line":129,"column":null}},{"start":{"line":130,"column":10},"end":{"line":130,"column":null}}],"line":126},"7":{"loc":{"start":{"line":137,"column":4},"end":{"line":137,"column":null}},"type":"binary-expr","locations":[{"start":{"line":137,"column":4},"end":{"line":137,"column":41}},{"start":{"line":137,"column":41},"end":{"line":137,"column":null}}],"line":137},"8":{"loc":{"start":{"line":148,"column":15},"end":{"line":148,"column":null}},"type":"binary-expr","locations":[{"start":{"line":148,"column":15},"end":{"line":148,"column":31}},{"start":{"line":148,"column":31},"end":{"line":148,"column":null}}],"line":148},"9":{"loc":{"start":{"line":155,"column":2},"end":{"line":166,"column":null}},"type":"if","locations":[{"start":{"line":155,"column":2},"end":{"line":166,"column":null}},{"start":{},"end":{}}],"line":155},"10":{"loc":{"start":{"line":155,"column":6},"end":{"line":155,"column":40}},"type":"binary-expr","locations":[{"start":{"line":155,"column":6},"end":{"line":155,"column":17}},{"start":{"line":155,"column":17},"end":{"line":155,"column":40}}],"line":155},"11":{"loc":{"start":{"line":159,"column":4},"end":{"line":165,"column":null}},"type":"if","locations":[{"start":{"line":159,"column":4},"end":{"line":165,"column":null}},{"start":{},"end":{}}],"line":159},"12":{"loc":{"start":{"line":159,"column":8},"end":{"line":159,"column":72}},"type":"binary-expr","locations":[{"start":{"line":159,"column":8},"end":{"line":159,"column":26}},{"start":{"line":159,"column":26},"end":{"line":159,"column":72}}],"line":159}},"s":{"0":0,"1":0,"2":0,"3":0,"4":3,"5":3,"6":0,"7":0,"8":3,"9":3,"10":2,"11":2,"12":3,"13":3,"14":3,"15":0,"16":0,"17":0,"18":0,"19":3,"20":3,"21":0,"22":0,"23":0,"24":0,"25":3},"f":{"0":0,"1":0,"2":3,"3":0,"4":0,"5":3},"b":{"0":[0,0],"1":[0,0],"2":[0,0],"3":[3,1],"4":[3,1],"5":[2,1],"6":[1,1],"7":[3,2],"8":[0,0],"9":[0,3],"10":[3,2],"11":[0,0],"12":[0,0]},"meta":{"lastBranch":13,"lastFunction":6,"lastStatement":26,"seen":{"f:19:9:19:21":0,"b:20:2:22:Infinity:undefined:undefined:undefined:undefined":0,"s:20:2:22:Infinity":0,"s:21:4:21:Infinity":1,"s:23:2:23:Infinity":2,"f:27:9:27:23":1,"s:28:2:28:Infinity":3,"f:31:16:31:29":2,"s:33:20:33:Infinity":4,"s:35:2:104:Infinity":5,"f:54:25:54:26":3,"s:54:42:57:Infinity":6,"b:55:58:55:66:55:66:55:67":1,"b:56:37:56:44:56:44:56:Infinity":2,"f:58:30:58:31":4,"s:58:41:58:Infinity":7,"b:67:13:67:Infinity:68:14:76:Infinity":3,"b:92:7:92:Infinity:93:8:102:Infinity":4,"f:114:9:114:Infinity":5,"s:118:33:118:Infinity":8,"b:121:2:132:Infinity:undefined:undefined:undefined:undefined":5,"s:121:2:132:Infinity":9,"s:122:21:122:Infinity":10,"s:123:4:131:Infinity":11,"b:127:10:129:Infinity:130:10:130:Infinity":6,"s:135:20:138:Infinity":12,"b:137:4:137:41:137:41:137:Infinity":7,"s:140:2:151:Infinity":13,"s:140:15:140:19":14,"s:141:16:141:Infinity":15,"s:142:23:142:Infinity":16,"s:144:17:144:Infinity":17,"s:146:4:150:Infinity":18,"b:148:15:148:31:148:31:148:Infinity":8,"s:154:18:154:Infinity":19,"b:155:2:166:Infinity:undefined:undefined:undefined:undefined":9,"s:155:2:166:Infinity":20,"b:155:6:155:17:155:17:155:40":10,"s:156:27:156:Infinity":21,"s:157:26:157:Infinity":22,"b:159:4:165:Infinity:undefined:undefined:undefined:undefined":11,"s:159:4:165:Infinity":23,"b:159:8:159:26:159:26:159:72":12,"s:160:6:164:Infinity":24,"s:168:2:168:Infinity":25}}}
,"/Users/Accio/Desktop/programming/Frontend/loan-sim/app/src/components/LoanForm.tsx": {"path":"/Users/Accio/Desktop/programming/Frontend/loan-sim/app/src/components/LoanForm.tsx","statementMap":{"0":{"start":{"line":20,"column":36},"end":{"line":29,"column":null}},"1":{"start":{"line":32,"column":22},"end":{"line":35,"column":null}},"2":{"start":{"line":32,"column":53},"end":{"line":35,"column":4}},"3":{"start":{"line":36,"column":26},"end":{"line":36,"column":null}},"4":{"start":{"line":38,"column":22},"end":{"line":41,"column":null}},"5":{"start":{"line":39,"column":4},"end":{"line":39,"column":null}},"6":{"start":{"line":39,"column":23},"end":{"line":39,"column":51}},"7":{"start":{"line":40,"column":4},"end":{"line":40,"column":null}},"8":{"start":{"line":40,"column":25},"end":{"line":40,"column":50}},"9":{"start":{"line":43,"column":26},"end":{"line":48,"column":null}},"10":{"start":{"line":44,"column":4},"end":{"line":47,"column":null}},"11":{"start":{"line":44,"column":23},"end":{"line":47,"column":6}},"12":{"start":{"line":50,"column":29},"end":{"line":57,"column":null}},"13":{"start":{"line":51,"column":4},"end":{"line":56,"column":null}},"14":{"start":{"line":51,"column":23},"end":{"line":56,"column":6}},"15":{"start":{"line":54,"column":8},"end":{"line":54,"column":null}},"16":{"start":{"line":59,"column":29},"end":{"line":64,"column":null}},"17":{"start":{"line":60,"column":4},"end":{"line":63,"column":null}},"18":{"start":{"line":60,"column":23},"end":{"line":63,"column":6}},"19":{"start":{"line":62,"column":57},"end":{"line":62,"column":68}},"20":{"start":{"line":66,"column":28},"end":{"line":157,"column":null}},"21":{"start":{"line":67,"column":4},"end":{"line":67,"column":null}},"22":{"start":{"line":68,"column":46},"end":{"line":68,"column":null}},"23":{"start":{"line":71,"column":22},"end":{"line":71,"column":null}},"24":{"start":{"line":72,"column":4},"end":{"line":74,"column":null}},"25":{"start":{"line":73,"column":6},"end":{"line":73,"column":null}},"26":{"start":{"line":76,"column":31},"end":{"line":76,"column":null}},"27":{"start":{"line":77,"column":4},"end":{"line":79,"column":null}},"28":{"start":{"line":78,"column":6},"end":{"line":78,"column":null}},"29":{"start":{"line":81,"column":22},"end":{"line":81,"column":null}},"30":{"start":{"line":82,"column":4},"end":{"line":84,"column":null}},"31":{"start":{"line":83,"column":6},"end":{"line":83,"column":null}},"32":{"start":{"line":86,"column":10},"end":{"line":86,"column":null}},"33":{"start":{"line":87,"column":4},"end":{"line":89,"column":null}},"34":{"start":{"line":88,"column":6},"end":{"line":88,"column":null}},"35":{"start":{"line":91,"column":25},"end":{"line":91,"column":null}},"36":{"start":{"line":92,"column":4},"end":{"line":94,"column":null}},"37":{"start":{"line":93,"column":6},"end":{"line":93,"column":null}},"38":{"start":{"line":97,"column":27},"end":{"line":97,"column":null}},"39":{"start":{"line":98,"column":34},"end":{"line":98,"column":null}},"40":{"start":{"line":99,"column":4},"end":{"line":109,"column":null}},"41":{"start":{"line":100,"column":20},"end":{"line":100,"column":null}},"42":{"start":{"line":100,"column":57},"end":{"line":100,"column":65}},"43":{"start":{"line":101,"column":6},"end":{"line":108,"column":null}},"44":{"start":{"line":102,"column":22},"end":{"line":102,"column":null}},"45":{"start":{"line":103,"column":8},"end":{"line":106,"column":null}},"46":{"start":{"line":104,"column":10},"end":{"line":104,"column":null}},"47":{"start":{"line":105,"column":10},"end":{"line":105,"column":null}},"48":{"start":{"line":107,"column":8},"end":{"line":107,"column":null}},"49":{"start":{"line":111,"column":24},"end":{"line":111,"column":null}},"50":{"start":{"line":112,"column":4},"end":{"line":114,"column":null}},"51":{"start":{"line":113,"column":6},"end":{"line":113,"column":null}},"52":{"start":{"line":117,"column":42},"end":{"line":117,"column":null}},"53":{"start":{"line":118,"column":4},"end":{"line":133,"column":null}},"54":{"start":{"line":118,"column":17},"end":{"line":118,"column":20}},"55":{"start":{"line":119,"column":19},"end":{"line":119,"column":null}},"56":{"start":{"line":120,"column":12},"end":{"line":120,"column":null}},"57":{"start":{"line":121,"column":21},"end":{"line":121,"column":null}},"58":{"start":{"line":123,"column":6},"end":{"line":125,"column":null}},"59":{"start":{"line":124,"column":8},"end":{"line":124,"column":null}},"60":{"start":{"line":126,"column":6},"end":{"line":128,"column":null}},"61":{"start":{"line":127,"column":8},"end":{"line":127,"column":null}},"62":{"start":{"line":130,"column":6},"end":{"line":132,"column":null}},"63":{"start":{"line":131,"column":8},"end":{"line":131,"column":null}},"64":{"start":{"line":135,"column":4},"end":{"line":138,"column":null}},"65":{"start":{"line":136,"column":6},"end":{"line":136,"column":null}},"66":{"start":{"line":137,"column":6},"end":{"line":137,"column":null}},"67":{"start":{"line":140,"column":29},"end":{"line":154,"column":null}},"68":{"start":{"line":156,"column":4},"end":{"line":156,"column":null}},"69":{"start":{"line":160,"column":4},"end":{"line":160,"column":null}},"70":{"start":{"line":161,"column":21},"end":{"line":161,"column":null}},"71":{"start":{"line":162,"column":21},"end":{"line":162,"column":null}},"72":{"start":{"line":164,"column":2},"end":{"line":338,"column":null}},"73":{"start":{"line":178,"column":31},"end":{"line":178,"column":null}},"74":{"start":{"line":193,"column":31},"end":{"line":193,"column":null}},"75":{"start":{"line":209,"column":31},"end":{"line":209,"column":null}},"76":{"start":{"line":223,"column":31},"end":{"line":223,"column":null}},"77":{"start":{"line":243,"column":31},"end":{"line":243,"column":null}},"78":{"start":{"line":259,"column":33},"end":{"line":259,"column":null}},"79":{"start":{"line":273,"column":33},"end":{"line":273,"column":null}},"80":{"start":{"line":294,"column":12},"end":{"line":327,"column":null}},"81":{"start":{"line":299,"column":35},"end":{"line":299,"column":null}},"82":{"start":{"line":311,"column":35},"end":{"line":311,"column":null}},"83":{"start":{"line":321,"column":31},"end":{"line":321,"column":null}}},"fnMap":{"0":{"name":"LoanForm","decl":{"start":{"line":31,"column":16},"end":{"line":31,"column":25}},"loc":{"start":{"line":31,"column":54},"end":{"line":340,"column":null}},"line":31},"1":{"name":"(anonymous_1)","decl":{"start":{"line":32,"column":46},"end":{"line":32,"column":53}},"loc":{"start":{"line":32,"column":53},"end":{"line":35,"column":4}},"line":32},"2":{"name":"(anonymous_2)","decl":{"start":{"line":38,"column":22},"end":{"line":38,"column":23}},"loc":{"start":{"line":38,"column":65},"end":{"line":41,"column":null}},"line":38},"3":{"name":"(anonymous_3)","decl":{"start":{"line":39,"column":12},"end":{"line":39,"column":13}},"loc":{"start":{"line":39,"column":23},"end":{"line":39,"column":51}},"line":39},"4":{"name":"(anonymous_4)","decl":{"start":{"line":40,"column":14},"end":{"line":40,"column":15}},"loc":{"start":{"line":40,"column":25},"end":{"line":40,"column":50}},"line":40},"5":{"name":"(anonymous_5)","decl":{"start":{"line":43,"column":26},"end":{"line":43,"column":32}},"loc":{"start":{"line":43,"column":32},"end":{"line":48,"column":null}},"line":43},"6":{"name":"(anonymous_6)","decl":{"start":{"line":44,"column":12},"end":{"line":44,"column":13}},"loc":{"start":{"line":44,"column":23},"end":{"line":47,"column":6}},"line":44},"7":{"name":"(anonymous_7)","decl":{"start":{"line":50,"column":29},"end":{"line":50,"column":30}},"loc":{"start":{"line":50,"column":94},"end":{"line":57,"column":null}},"line":50},"8":{"name":"(anonymous_8)","decl":{"start":{"line":51,"column":12},"end":{"line":51,"column":13}},"loc":{"start":{"line":51,"column":23},"end":{"line":56,"column":6}},"line":51},"9":{"name":"(anonymous_9)","decl":{"start":{"line":53,"column":44},"end":{"line":53,"column":45}},"loc":{"start":{"line":54,"column":8},"end":{"line":54,"column":null}},"line":54},"10":{"name":"(anonymous_10)","decl":{"start":{"line":59,"column":29},"end":{"line":59,"column":30}},"loc":{"start":{"line":59,"column":48},"end":{"line":64,"column":null}},"line":59},"11":{"name":"(anonymous_11)","decl":{"start":{"line":60,"column":12},"end":{"line":60,"column":13}},"loc":{"start":{"line":60,"column":23},"end":{"line":63,"column":6}},"line":60},"12":{"name":"(anonymous_12)","decl":{"start":{"line":62,"column":47},"end":{"line":62,"column":48}},"loc":{"start":{"line":62,"column":57},"end":{"line":62,"column":68}},"line":62},"13":{"name":"(anonymous_13)","decl":{"start":{"line":66,"column":28},"end":{"line":66,"column":29}},"loc":{"start":{"line":66,"column":52},"end":{"line":157,"column":null}},"line":66},"14":{"name":"(anonymous_14)","decl":{"start":{"line":100,"column":50},"end":{"line":100,"column":51}},"loc":{"start":{"line":100,"column":57},"end":{"line":100,"column":65}},"line":100},"15":{"name":"(anonymous_15)","decl":{"start":{"line":178,"column":24},"end":{"line":178,"column":25}},"loc":{"start":{"line":178,"column":31},"end":{"line":178,"column":null}},"line":178},"16":{"name":"(anonymous_16)","decl":{"start":{"line":193,"column":24},"end":{"line":193,"column":25}},"loc":{"start":{"line":193,"column":31},"end":{"line":193,"column":null}},"line":193},"17":{"name":"(anonymous_17)","decl":{"start":{"line":209,"column":24},"end":{"line":209,"column":25}},"loc":{"start":{"line":209,"column":31},"end":{"line":209,"column":null}},"line":209},"18":{"name":"(anonymous_18)","decl":{"start":{"line":223,"column":24},"end":{"line":223,"column":25}},"loc":{"start":{"line":223,"column":31},"end":{"line":223,"column":null}},"line":223},"19":{"name":"(anonymous_19)","decl":{"start":{"line":243,"column":24},"end":{"line":243,"column":25}},"loc":{"start":{"line":243,"column":31},"end":{"line":243,"column":null}},"line":243},"20":{"name":"(anonymous_20)","decl":{"start":{"line":259,"column":26},"end":{"line":259,"column":27}},"loc":{"start":{"line":259,"column":33},"end":{"line":259,"column":null}},"line":259},"21":{"name":"(anonymous_21)","decl":{"start":{"line":273,"column":26},"end":{"line":273,"column":27}},"loc":{"start":{"line":273,"column":33},"end":{"line":273,"column":null}},"line":273},"22":{"name":"(anonymous_22)","decl":{"start":{"line":293,"column":34},"end":{"line":293,"column":35}},"loc":{"start":{"line":294,"column":12},"end":{"line":327,"column":null}},"line":294},"23":{"name":"(anonymous_23)","decl":{"start":{"line":299,"column":28},"end":{"line":299,"column":29}},"loc":{"start":{"line":299,"column":35},"end":{"line":299,"column":null}},"line":299},"24":{"name":"(anonymous_24)","decl":{"start":{"line":311,"column":28},"end":{"line":311,"column":29}},"loc":{"start":{"line":311,"column":35},"end":{"line":311,"column":null}},"line":311},"25":{"name":"(anonymous_25)","decl":{"start":{"line":321,"column":25},"end":{"line":321,"column":31}},"loc":{"start":{"line":321,"column":31},"end":{"line":321,"column":null}},"line":321}},"branchMap":{"0":{"loc":{"start":{"line":54,"column":8},"end":{"line":54,"column":null}},"type":"cond-expr","locations":[{"start":{"line":54,"column":22},"end":{"line":54,"column":52}},{"start":{"line":54,"column":52},"end":{"line":54,"column":null}}],"line":54},"1":{"loc":{"start":{"line":72,"column":4},"end":{"line":74,"column":null}},"type":"if","locations":[{"start":{"line":72,"column":4},"end":{"line":74,"column":null}},{"start":{},"end":{}}],"line":72},"2":{"loc":{"start":{"line":72,"column":8},"end":{"line":72,"column":44}},"type":"binary-expr","locations":[{"start":{"line":72,"column":8},"end":{"line":72,"column":28}},{"start":{"line":72,"column":28},"end":{"line":72,"column":44}}],"line":72},"3":{"loc":{"start":{"line":77,"column":4},"end":{"line":79,"column":null}},"type":"if","locations":[{"start":{"line":77,"column":4},"end":{"line":79,"column":null}},{"start":{},"end":{}}],"line":77},"4":{"loc":{"start":{"line":77,"column":8},"end":{"line":77,"column":61}},"type":"binary-expr","locations":[{"start":{"line":77,"column":8},"end":{"line":77,"column":37}},{"start":{"line":77,"column":37},"end":{"line":77,"column":61}}],"line":77},"5":{"loc":{"start":{"line":82,"column":4},"end":{"line":84,"column":null}},"type":"if","locations":[{"start":{"line":82,"column":4},"end":{"line":84,"column":null}},{"start":{},"end":{}}],"line":82},"6":{"loc":{"start":{"line":82,"column":8},"end":{"line":82,"column":44}},"type":"binary-expr","locations":[{"start":{"line":82,"column":8},"end":{"line":82,"column":28}},{"start":{"line":82,"column":28},"end":{"line":82,"column":44}}],"line":82},"7":{"loc":{"start":{"line":87,"column":4},"end":{"line":89,"column":null}},"type":"if","locations":[{"start":{"line":87,"column":4},"end":{"line":89,"column":null}},{"start":{},"end":{}}],"line":87},"8":{"loc":{"start":{"line":91,"column":25},"end":{"line":91,"column":null}},"type":"binary-expr","locations":[{"start":{"line":91,"column":25},"end":{"line":91,"column":60}},{"start":{"line":91,"column":60},"end":{"line":91,"column":null}}],"line":91},"9":{"loc":{"start":{"line":92,"column":4},"end":{"line":94,"column":null}},"type":"if","locations":[{"start":{"line":92,"column":4},"end":{"line":94,"column":null}},{"start":{},"end":{}}],"line":92},"10":{"loc":{"start":{"line":99,"column":4},"end":{"line":109,"column":null}},"type":"if","locations":[{"start":{"line":99,"column":4},"end":{"line":109,"column":null}},{"start":{},"end":{}}],"line":99},"11":{"loc":{"start":{"line":103,"column":8},"end":{"line":106,"column":null}},"type":"if","locations":[{"start":{"line":103,"column":8},"end":{"line":106,"column":null}},{"start":{},"end":{}}],"line":103},"12":{"loc":{"start":{"line":103,"column":12},"end":{"line":103,"column":53}},"type":"binary-expr","locations":[{"start":{"line":103,"column":12},"end":{"line":103,"column":28}},{"start":{"line":103,"column":28},"end":{"line":103,"column":41}},{"start":{"line":103,"column":41},"end":{"line":103,"column":53}}],"line":103},"13":{"loc":{"start":{"line":111,"column":24},"end":{"line":111,"column":null}},"type":"binary-expr","locations":[{"start":{"line":111,"column":24},"end":{"line":111,"column":58}},{"start":{"line":111,"column":58},"end":{"line":111,"column":null}}],"line":111},"14":{"loc":{"start":{"line":112,"column":4},"end":{"line":114,"column":null}},"type":"if","locations":[{"start":{"line":112,"column":4},"end":{"line":114,"column":null}},{"start":{},"end":{}}],"line":112},"15":{"loc":{"start":{"line":121,"column":21},"end":{"line":121,"column":null}},"type":"binary-expr","locations":[{"start":{"line":121,"column":21},"end":{"line":121,"column":50}},{"start":{"line":121,"column":50},"end":{"line":121,"column":null}}],"line":121},"16":{"loc":{"start":{"line":123,"column":6},"end":{"line":125,"column":null}},"type":"if","locations":[{"start":{"line":123,"column":6},"end":{"line":125,"column":null}},{"start":{},"end":{}}],"line":123},"17":{"loc":{"start":{"line":126,"column":6},"end":{"line":128,"column":null}},"type":"if","locations":[{"start":{"line":126,"column":6},"end":{"line":128,"column":null}},{"start":{},"end":{}}],"line":126},"18":{"loc":{"start":{"line":130,"column":6},"end":{"line":132,"column":null}},"type":"if","locations":[{"start":{"line":130,"column":6},"end":{"line":132,"column":null}},{"start":{},"end":{}}],"line":130},"19":{"loc":{"start":{"line":130,"column":10},"end":{"line":130,"column":29}},"type":"binary-expr","locations":[{"start":{"line":130,"column":10},"end":{"line":130,"column":16}},{"start":{"line":130,"column":16},"end":{"line":130,"column":29}}],"line":130},"20":{"loc":{"start":{"line":135,"column":4},"end":{"line":138,"column":null}},"type":"if","locations":[{"start":{"line":135,"column":4},"end":{"line":138,"column":null}},{"start":{},"end":{}}],"line":135},"21":{"loc":{"start":{"line":149,"column":10},"end":{"line":151,"column":null}},"type":"cond-expr","locations":[{"start":{"line":150,"column":14},"end":{"line":150,"column":null}},{"start":{"line":151,"column":14},"end":{"line":151,"column":null}}],"line":149},"22":{"loc":{"start":{"line":149,"column":10},"end":{"line":149,"column":null}},"type":"binary-expr","locations":[{"start":{"line":149,"column":10},"end":{"line":149,"column":36}},{"start":{"line":149,"column":36},"end":{"line":149,"column":null}}],"line":149},"23":{"loc":{"start":{"line":181,"column":13},"end":{"line":181,"column":null}},"type":"binary-expr","locations":[{"start":{"line":181,"column":13},"end":{"line":181,"column":33}},{"start":{"line":181,"column":33},"end":{"line":181,"column":null}}],"line":181},"24":{"loc":{"start":{"line":196,"column":13},"end":{"line":197,"column":null}},"type":"binary-expr","locations":[{"start":{"line":196,"column":13},"end":{"line":196,"column":null}},{"start":{"line":197,"column":14},"end":{"line":197,"column":null}}],"line":196},"25":{"loc":{"start":{"line":212,"column":13},"end":{"line":212,"column":null}},"type":"binary-expr","locations":[{"start":{"line":212,"column":13},"end":{"line":212,"column":33}},{"start":{"line":212,"column":33},"end":{"line":212,"column":null}}],"line":212},"26":{"loc":{"start":{"line":226,"column":13},"end":{"line":226,"column":null}},"type":"binary-expr","locations":[{"start":{"line":226,"column":13},"end":{"line":226,"column":38}},{"start":{"line":226,"column":38},"end":{"line":226,"column":null}}],"line":226},"27":{"loc":{"start":{"line":246,"column":13},"end":{"line":246,"column":null}},"type":"binary-expr","locations":[{"start":{"line":246,"column":13},"end":{"line":246,"column":36}},{"start":{"line":246,"column":36},"end":{"line":246,"column":null}}],"line":246},"28":{"loc":{"start":{"line":262,"column":15},"end":{"line":262,"column":null}},"type":"binary-expr","locations":[{"start":{"line":262,"column":15},"end":{"line":262,"column":37}},{"start":{"line":262,"column":37},"end":{"line":262,"column":null}}],"line":262},"29":{"loc":{"start":{"line":276,"column":15},"end":{"line":276,"column":null}},"type":"binary-expr","locations":[{"start":{"line":276,"column":15},"end":{"line":276,"column":37}},{"start":{"line":276,"column":37},"end":{"line":276,"column":null}}],"line":276},"30":{"loc":{"start":{"line":303,"column":17},"end":{"line":304,"column":null}},"type":"binary-expr","locations":[{"start":{"line":303,"column":17},"end":{"line":303,"column":null}},{"start":{"line":304,"column":18},"end":{"line":304,"column":null}}],"line":303},"31":{"loc":{"start":{"line":315,"column":17},"end":{"line":316,"column":null}},"type":"binary-expr","locations":[{"start":{"line":315,"column":17},"end":{"line":315,"column":null}},{"start":{"line":316,"column":18},"end":{"line":316,"column":null}}],"line":315}},"s":{"0":1,"1":4,"2":4,"3":4,"4":4,"5":0,"6":0,"7":0,"8":0,"9":4,"10":0,"11":0,"12":4,"13":0,"14":0,"15":0,"16":4,"17":0,"18":0,"19":0,"20":4,"21":0,"22":0,"23":0,"24":0,"25":0,"26":0,"27":0,"28":0,"29":0,"30":0,"31":0,"32":0,"33":0,"34":0,"35":0,"36":0,"37":0,"38":0,"39":0,"40":0,"41":0,"42":0,"43":0,"44":0,"45":0,"46":0,"47":0,"48":0,"49":0,"50":0,"51":0,"52":0,"53":0,"54":0,"55":0,"56":0,"57":0,"58":0,"59":0,"60":0,"61":0,"62":0,"63":0,"64":0,"65":0,"66":0,"67":0,"68":0,"69":4,"70":4,"71":4,"72":4,"73":0,"74":0,"75":0,"76":0,"77":0,"78":0,"79":0,"80":0,"81":0,"82":0,"83":0},"f":{"0":4,"1":4,"2":0,"3":0,"4":0,"5":0,"6":0,"7":0,"8":0,"9":0,"10":0,"11":0,"12":0,"13":0,"14":0,"15":0,"16":0,"17":0,"18":0,"19":0,"20":0,"21":0,"22":0,"23":0,"24":0,"25":0},"b":{"0":[0,0],"1":[0,0],"2":[0,0],"3":[0,0],"4":[0,0],"5":[0,0],"6":[0,0],"7":[0,0],"8":[0,0],"9":[0,0],"10":[0,0],"11":[0,0],"12":[0,0,0],"13":[0,0],"14":[0,0],"15":[0,0],"16":[0,0],"17":[0,0],"18":[0,0],"19":[0,0],"20":[0,0],"21":[0,0],"22":[0,0],"23":[4,0],"24":[4,0],"25":[4,0],"26":[4,0],"27":[4,0],"28":[4,0],"29":[4,0],"30":[0,0],"31":[0,0]},"meta":{"lastBranch":32,"lastFunction":26,"lastStatement":84,"seen":{"s:20:36:29:Infinity":0,"f:31:16:31:25":0,"s:32:22:35:Infinity":1,"f:32:46:32:53":1,"s:32:53:35:4":2,"s:36:26:36:Infinity":3,"s:38:22:41:Infinity":4,"f:38:22:38:23":2,"s:39:4:39:Infinity":5,"f:39:12:39:13":3,"s:39:23:39:51":6,"s:40:4:40:Infinity":7,"f:40:14:40:15":4,"s:40:25:40:50":8,"s:43:26:48:Infinity":9,"f:43:26:43:32":5,"s:44:4:47:Infinity":10,"f:44:12:44:13":6,"s:44:23:47:6":11,"s:50:29:57:Infinity":12,"f:50:29:50:30":7,"s:51:4:56:Infinity":13,"f:51:12:51:13":8,"s:51:23:56:6":14,"f:53:44:53:45":9,"s:54:8:54:Infinity":15,"b:54:22:54:52:54:52:54:Infinity":0,"s:59:29:64:Infinity":16,"f:59:29:59:30":10,"s:60:4:63:Infinity":17,"f:60:12:60:13":11,"s:60:23:63:6":18,"f:62:47:62:48":12,"s:62:57:62:68":19,"s:66:28:157:Infinity":20,"f:66:28:66:29":13,"s:67:4:67:Infinity":21,"s:68:46:68:Infinity":22,"s:71:22:71:Infinity":23,"b:72:4:74:Infinity:undefined:undefined:undefined:undefined":1,"s:72:4:74:Infinity":24,"b:72:8:72:28:72:28:72:44":2,"s:73:6:73:Infinity":25,"s:76:31:76:Infinity":26,"b:77:4:79:Infinity:undefined:undefined:undefined:undefined":3,"s:77:4:79:Infinity":27,"b:77:8:77:37:77:37:77:61":4,"s:78:6:78:Infinity":28,"s:81:22:81:Infinity":29,"b:82:4:84:Infinity:undefined:undefined:undefined:undefined":5,"s:82:4:84:Infinity":30,"b:82:8:82:28:82:28:82:44":6,"s:83:6:83:Infinity":31,"s:86:10:86:Infinity":32,"b:87:4:89:Infinity:undefined:undefined:undefined:undefined":7,"s:87:4:89:Infinity":33,"s:88:6:88:Infinity":34,"s:91:25:91:Infinity":35,"b:91:25:91:60:91:60:91:Infinity":8,"b:92:4:94:Infinity:undefined:undefined:undefined:undefined":9,"s:92:4:94:Infinity":36,"s:93:6:93:Infinity":37,"s:97:27:97:Infinity":38,"s:98:34:98:Infinity":39,"b:99:4:109:Infinity:undefined:undefined:undefined:undefined":10,"s:99:4:109:Infinity":40,"s:100:20:100:Infinity":41,"f:100:50:100:51":14,"s:100:57:100:65":42,"s:101:6:108:Infinity":43,"s:102:22:102:Infinity":44,"b:103:8:106:Infinity:undefined:undefined:undefined:undefined":11,"s:103:8:106:Infinity":45,"b:103:12:103:28:103:28:103:41:103:41:103:53":12,"s:104:10:104:Infinity":46,"s:105:10:105:Infinity":47,"s:107:8:107:Infinity":48,"s:111:24:111:Infinity":49,"b:111:24:111:58:111:58:111:Infinity":13,"b:112:4:114:Infinity:undefined:undefined:undefined:undefined":14,"s:112:4:114:Infinity":50,"s:113:6:113:Infinity":51,"s:117:42:117:Infinity":52,"s:118:4:133:Infinity":53,"s:118:17:118:20":54,"s:119:19:119:Infinity":55,"s:120:12:120:Infinity":56,"s:121:21:121:Infinity":57,"b:121:21:121:50:121:50:121:Infinity":15,"b:123:6:125:Infinity:undefined:undefined:undefined:undefined":16,"s:123:6:125:Infinity":58,"s:124:8:124:Infinity":59,"b:126:6:128:Infinity:undefined:undefined:undefined:undefined":17,"s:126:6:128:Infinity":60,"s:127:8:127:Infinity":61,"b:130:6:132:Infinity:undefined:undefined:undefined:undefined":18,"s:130:6:132:Infinity":62,"b:130:10:130:16:130:16:130:29":19,"s:131:8:131:Infinity":63,"b:135:4:138:Infinity:undefined:undefined:undefined:undefined":20,"s:135:4:138:Infinity":64,"s:136:6:136:Infinity":65,"s:137:6:137:Infinity":66,"s:140:29:154:Infinity":67,"b:150:14:150:Infinity:151:14:151:Infinity":21,"b:149:10:149:36:149:36:149:Infinity":22,"s:156:4:156:Infinity":68,"s:160:4:160:Infinity":69,"s:161:21:161:Infinity":70,"s:162:21:162:Infinity":71,"s:164:2:338:Infinity":72,"f:178:24:178:25":15,"s:178:31:178:Infinity":73,"b:181:13:181:33:181:33:181:Infinity":23,"f:193:24:193:25":16,"s:193:31:193:Infinity":74,"b:196:13:196:Infinity:197:14:197:Infinity":24,"f:209:24:209:25":17,"s:209:31:209:Infinity":75,"b:212:13:212:33:212:33:212:Infinity":25,"f:223:24:223:25":18,"s:223:31:223:Infinity":76,"b:226:13:226:38:226:38:226:Infinity":26,"f:243:24:243:25":19,"s:243:31:243:Infinity":77,"b:246:13:246:36:246:36:246:Infinity":27,"f:259:26:259:27":20,"s:259:33:259:Infinity":78,"b:262:15:262:37:262:37:262:Infinity":28,"f:273:26:273:27":21,"s:273:33:273:Infinity":79,"b:276:15:276:37:276:37:276:Infinity":29,"f:293:34:293:35":22,"s:294:12:327:Infinity":80,"f:299:28:299:29":23,"s:299:35:299:Infinity":81,"b:303:17:303:Infinity:304:18:304:Infinity":30,"f:311:28:311:29":24,"s:311:35:311:Infinity":82,"b:315:17:315:Infinity:316:18:316:Infinity":31,"f:321:25:321:31":25,"s:321:31:321:Infinity":83}}}
,"/Users/Accio/Desktop/programming/Frontend/loan-sim/app/src/components/ScheduleTable.tsx": {"path":"/Users/Accio/Desktop/programming/Frontend/loan-sim/app/src/components/ScheduleTable.tsx","statementMap":{"0":{"start":{"line":10,"column":2},"end":{"line":10,"column":null}},"1":{"start":{"line":13,"column":18},"end":{"line":13,"column":null}},"2":{"start":{"line":16,"column":36},"end":{"line":16,"column":null}},"3":{"start":{"line":17,"column":21},"end":{"line":17,"column":null}},"4":{"start":{"line":19,"column":21},"end":{"line":19,"column":null}},"5":{"start":{"line":20,"column":19},"end":{"line":20,"column":null}},"6":{"start":{"line":21,"column":22},"end":{"line":21,"column":null}},"7":{"start":{"line":23,"column":19},"end":{"line":25,"column":null}},"8":{"start":{"line":24,"column":4},"end":{"line":24,"column":null}},"9":{"start":{"line":27,"column":2},"end":{"line":116,"column":null}},"10":{"start":{"line":46,"column":14},"end":{"line":69,"column":null}},"11":{"start":{"line":83,"column":29},"end":{"line":83,"column":null}},"12":{"start":{"line":90,"column":29},"end":{"line":90,"column":null}},"13":{"start":{"line":100,"column":29},"end":{"line":100,"column":null}},"14":{"start":{"line":107,"column":29},"end":{"line":107,"column":null}}},"fnMap":{"0":{"name":"formatCurrency","decl":{"start":{"line":9,"column":9},"end":{"line":9,"column":24}},"loc":{"start":{"line":9,"column":47},"end":{"line":11,"column":null}},"line":9},"1":{"name":"ScheduleTable","decl":{"start":{"line":15,"column":16},"end":{"line":15,"column":30}},"loc":{"start":{"line":15,"column":64},"end":{"line":118,"column":null}},"line":15},"2":{"name":"(anonymous_2)","decl":{"start":{"line":23,"column":19},"end":{"line":23,"column":20}},"loc":{"start":{"line":23,"column":37},"end":{"line":25,"column":null}},"line":23},"3":{"name":"(anonymous_3)","decl":{"start":{"line":45,"column":29},"end":{"line":45,"column":30}},"loc":{"start":{"line":46,"column":14},"end":{"line":69,"column":null}},"line":46},"4":{"name":"(anonymous_4)","decl":{"start":{"line":83,"column":23},"end":{"line":83,"column":29}},"loc":{"start":{"line":83,"column":29},"end":{"line":83,"column":null}},"line":83},"5":{"name":"(anonymous_5)","decl":{"start":{"line":90,"column":23},"end":{"line":90,"column":29}},"loc":{"start":{"line":90,"column":29},"end":{"line":90,"column":null}},"line":90},"6":{"name":"(anonymous_6)","decl":{"start":{"line":100,"column":23},"end":{"line":100,"column":29}},"loc":{"start":{"line":100,"column":29},"end":{"line":100,"column":null}},"line":100},"7":{"name":"(anonymous_7)","decl":{"start":{"line":107,"column":23},"end":{"line":107,"column":29}},"loc":{"start":{"line":107,"column":29},"end":{"line":107,"column":null}},"line":107}},"branchMap":{"0":{"loc":{"start":{"line":49,"column":18},"end":{"line":49,"column":null}},"type":"cond-expr","locations":[{"start":{"line":49,"column":41},"end":{"line":49,"column":57}},{"start":{"line":49,"column":57},"end":{"line":49,"column":null}}],"line":49},"1":{"loc":{"start":{"line":64,"column":19},"end":{"line":64,"column":null}},"type":"cond-expr","locations":[{"start":{"line":64,"column":42},"end":{"line":64,"column":77}},{"start":{"line":64,"column":77},"end":{"line":64,"column":null}}],"line":64},"2":{"loc":{"start":{"line":75,"column":7},"end":{"line":114,"column":null}},"type":"binary-expr","locations":[{"start":{"line":75,"column":7},"end":{"line":75,"column":null}},{"start":{"line":76,"column":8},"end":{"line":114,"column":null}}],"line":75}},"s":{"0":24,"1":1,"2":4,"3":4,"4":4,"5":4,"6":4,"7":4,"8":0,"9":4,"10":6,"11":0,"12":0,"13":0,"14":0},"f":{"0":24,"1":4,"2":0,"3":6,"4":0,"5":0,"6":0,"7":0},"b":{"0":[0,6],"1":[0,6],"2":[4,0]},"meta":{"lastBranch":3,"lastFunction":8,"lastStatement":15,"seen":{"f:9:9:9:24":0,"s:10:2:10:Infinity":0,"s:13:18:13:Infinity":1,"f:15:16:15:30":1,"s:16:36:16:Infinity":2,"s:17:21:17:Infinity":3,"s:19:21:19:Infinity":4,"s:20:19:20:Infinity":5,"s:21:22:21:Infinity":6,"s:23:19:25:Infinity":7,"f:23:19:23:20":2,"s:24:4:24:Infinity":8,"s:27:2:116:Infinity":9,"f:45:29:45:30":3,"s:46:14:69:Infinity":10,"b:49:41:49:57:49:57:49:Infinity":0,"b:64:42:64:77:64:77:64:Infinity":1,"b:75:7:75:Infinity:76:8:114:Infinity":2,"f:83:23:83:29":4,"s:83:29:83:Infinity":11,"f:90:23:90:29":5,"s:90:29:90:Infinity":12,"f:100:23:100:29":6,"s:100:29:100:Infinity":13,"f:107:23:107:29":7,"s:107:29:107:Infinity":14}}}
,"/Users/Accio/Desktop/programming/Frontend/loan-sim/app/src/components/SummaryCard.tsx": {"path":"/Users/Accio/Desktop/programming/Frontend/loan-sim/app/src/components/SummaryCard.tsx","statementMap":{"0":{"start":{"line":10,"column":2},"end":{"line":10,"column":null}},"1":{"start":{"line":15,"column":16},"end":{"line":15,"column":null}},"2":{"start":{"line":16,"column":26},"end":{"line":16,"column":null}},"3":{"start":{"line":18,"column":2},"end":{"line":20,"column":null}},"4":{"start":{"line":19,"column":4},"end":{"line":19,"column":null}},"5":{"start":{"line":21,"column":2},"end":{"line":23,"column":null}},"6":{"start":{"line":22,"column":4},"end":{"line":22,"column":null}},"7":{"start":{"line":24,"column":2},"end":{"line":24,"column":null}},"8":{"start":{"line":28,"column":24},"end":{"line":28,"column":null}},"9":{"start":{"line":30,"column":2},"end":{"line":75,"column":null}},"10":{"start":{"line":87,"column":2},"end":{"line":102,"column":null}}},"fnMap":{"0":{"name":"formatCurrency","decl":{"start":{"line":9,"column":9},"end":{"line":9,"column":24}},"loc":{"start":{"line":9,"column":47},"end":{"line":11,"column":null}},"line":9},"1":{"name":"formatMonths","decl":{"start":{"line":14,"column":9},"end":{"line":14,"column":22}},"loc":{"start":{"line":14,"column":46},"end":{"line":25,"column":null}},"line":14},"2":{"name":"SummaryCard","decl":{"start":{"line":27,"column":16},"end":{"line":27,"column":28}},"loc":{"start":{"line":27,"column":70},"end":{"line":77,"column":null}},"line":27},"3":{"name":"SummaryItem","decl":{"start":{"line":86,"column":9},"end":{"line":86,"column":21}},"loc":{"start":{"line":86,"column":77},"end":{"line":104,"column":null}},"line":86}},"branchMap":{"0":{"loc":{"start":{"line":18,"column":2},"end":{"line":20,"column":null}},"type":"if","locations":[{"start":{"line":18,"column":2},"end":{"line":20,"column":null}},{"start":{},"end":{}}],"line":18},"1":{"loc":{"start":{"line":21,"column":2},"end":{"line":23,"column":null}},"type":"if","locations":[{"start":{"line":21,"column":2},"end":{"line":23,"column":null}},{"start":{},"end":{}}],"line":21},"2":{"loc":{"start":{"line":28,"column":24},"end":{"line":28,"column":null}},"type":"binary-expr","locations":[{"start":{"line":28,"column":24},"end":{"line":28,"column":59}},{"start":{"line":28,"column":59},"end":{"line":28,"column":null}}],"line":28},"3":{"loc":{"start":{"line":58,"column":9},"end":{"line":72,"column":null}},"type":"binary-expr","locations":[{"start":{"line":58,"column":9},"end":{"line":58,"column":null}},{"start":{"line":59,"column":10},"end":{"line":72,"column":null}}],"line":58},"4":{"loc":{"start":{"line":90,"column":8},"end":{"line":90,"column":null}},"type":"cond-expr","locations":[{"start":{"line":90,"column":20},"end":{"line":90,"column":60}},{"start":{"line":90,"column":60},"end":{"line":90,"column":null}}],"line":90},"5":{"loc":{"start":{"line":96,"column":10},"end":{"line":96,"column":null}},"type":"cond-expr","locations":[{"start":{"line":96,"column":22},"end":{"line":96,"column":41}},{"start":{"line":96,"column":41},"end":{"line":96,"column":null}}],"line":96},"6":{"loc":{"start":{"line":101,"column":7},"end":{"line":101,"column":null}},"type":"binary-expr","locations":[{"start":{"line":101,"column":7},"end":{"line":101,"column":18}},{"start":{"line":101,"column":18},"end":{"line":101,"column":null}}],"line":101}},"s":{"0":25,"1":15,"2":15,"3":15,"4":0,"5":15,"6":15,"7":0,"8":5,"9":5,"10":30},"f":{"0":25,"1":15,"2":5,"3":30},"b":{"0":[0,15],"1":[15,0],"2":[5,0],"3":[5,5],"4":[10,20],"5":[10,20],"6":[30,20]},"meta":{"lastBranch":7,"lastFunction":4,"lastStatement":11,"seen":{"f:9:9:9:24":0,"s:10:2:10:Infinity":0,"f:14:9:14:22":1,"s:15:16:15:Infinity":1,"s:16:26:16:Infinity":2,"b:18:2:20:Infinity:undefined:undefined:undefined:undefined":0,"s:18:2:20:Infinity":3,"s:19:4:19:Infinity":4,"b:21:2:23:Infinity:undefined:undefined:undefined:undefined":1,"s:21:2:23:Infinity":5,"s:22:4:22:Infinity":6,"s:24:2:24:Infinity":7,"f:27:16:27:28":2,"s:28:24:28:Infinity":8,"b:28:24:28:59:28:59:28:Infinity":2,"s:30:2:75:Infinity":9,"b:58:9:58:Infinity:59:10:72:Infinity":3,"f:86:9:86:21":3,"s:87:2:102:Infinity":10,"b:90:20:90:60:90:60:90:Infinity":4,"b:96:22:96:41:96:41:96:Infinity":5,"b:101:7:101:18:101:18:101:Infinity":6}}}
,"/Users/Accio/Desktop/programming/Frontend/loan-sim/app/src/domain/annuity.ts": {"path":"/Users/Accio/Desktop/programming/Frontend/loan-sim/app/src/domain/annuity.ts","statementMap":{"0":{"start":{"line":24,"column":12},"end":{"line":24,"column":null}},"1":{"start":{"line":27,"column":2},"end":{"line":29,"column":null}},"2":{"start":{"line":28,"column":4},"end":{"line":28,"column":null}},"3":{"start":{"line":31,"column":12},"end":{"line":31,"column":null}},"4":{"start":{"line":32,"column":16},"end":{"line":32,"column":null}},"5":{"start":{"line":34,"column":19},"end":{"line":34,"column":null}},"6":{"start":{"line":37,"column":2},"end":{"line":37,"column":null}},"7":{"start":{"line":46,"column":2},"end":{"line":46,"column":null}},"8":{"start":{"line":59,"column":22},"end":{"line":59,"column":null}},"9":{"start":{"line":61,"column":2},"end":{"line":61,"column":null}}},"fnMap":{"0":{"name":"calcMonthlyPayment","decl":{"start":{"line":19,"column":16},"end":{"line":19,"column":null}},"loc":{"start":{"line":23,"column":10},"end":{"line":38,"column":null}},"line":23},"1":{"name":"calcMonthlyRate","decl":{"start":{"line":45,"column":16},"end":{"line":45,"column":32}},"loc":{"start":{"line":45,"column":68},"end":{"line":47,"column":null}},"line":45},"2":{"name":"calcMonthlyInterest","decl":{"start":{"line":55,"column":16},"end":{"line":55,"column":null}},"loc":{"start":{"line":58,"column":10},"end":{"line":62,"column":null}},"line":58}},"branchMap":{"0":{"loc":{"start":{"line":27,"column":2},"end":{"line":29,"column":null}},"type":"if","locations":[{"start":{"line":27,"column":2},"end":{"line":29,"column":null}},{"start":{},"end":{}}],"line":27}},"s":{"0":50,"1":50,"2":6,"3":44,"4":44,"5":44,"6":44,"7":3679,"8":3676,"9":3676},"f":{"0":50,"1":3679,"2":3676},"b":{"0":[6,44]},"meta":{"lastBranch":1,"lastFunction":3,"lastStatement":10,"seen":{"f:19:16:19:Infinity":0,"s:24:12:24:Infinity":0,"b:27:2:29:Infinity:undefined:undefined:undefined:undefined":0,"s:27:2:29:Infinity":1,"s:28:4:28:Infinity":2,"s:31:12:31:Infinity":3,"s:32:16:32:Infinity":4,"s:34:19:34:Infinity":5,"s:37:2:37:Infinity":6,"f:45:16:45:32":1,"s:46:2:46:Infinity":7,"f:55:16:55:Infinity":2,"s:59:22:59:Infinity":8,"s:61:2:61:Infinity":9}}}
,"/Users/Accio/Desktop/programming/Frontend/loan-sim/app/src/domain/index.ts": {"path":"/Users/Accio/Desktop/programming/Frontend/loan-sim/app/src/domain/index.ts","statementMap":{},"fnMap":{},"branchMap":{},"s":{},"f":{},"b":{},"meta":{"lastBranch":0,"lastFunction":0,"lastStatement":0,"seen":{}}}
,"/Users/Accio/Desktop/programming/Frontend/loan-sim/app/src/domain/schedule.ts": {"path":"/Users/Accio/Desktop/programming/Frontend/loan-sim/app/src/domain/schedule.ts","statementMap":{"0":{"start":{"line":16,"column":14},"end":{"line":16,"column":null}},"1":{"start":{"line":19,"column":2},"end":{"line":24,"column":null}},"2":{"start":{"line":20,"column":10},"end":{"line":20,"column":null}},"3":{"start":{"line":21,"column":4},"end":{"line":23,"column":null}},"4":{"start":{"line":22,"column":6},"end":{"line":22,"column":null}},"5":{"start":{"line":27,"column":2},"end":{"line":31,"column":null}},"6":{"start":{"line":28,"column":4},"end":{"line":30,"column":null}},"7":{"start":{"line":29,"column":6},"end":{"line":29,"column":null}},"8":{"start":{"line":33,"column":2},"end":{"line":33,"column":null}},"9":{"start":{"line":45,"column":34},"end":{"line":45,"column":null}},"10":{"start":{"line":46,"column":8},"end":{"line":50,"column":null}},"11":{"start":{"line":51,"column":20},"end":{"line":51,"column":null}},"12":{"start":{"line":53,"column":16},"end":{"line":53,"column":null}},"13":{"start":{"line":54,"column":19},"end":{"line":54,"column":null}},"14":{"start":{"line":56,"column":2},"end":{"line":101,"column":null}},"15":{"start":{"line":58,"column":10},"end":{"line":58,"column":null}},"16":{"start":{"line":61,"column":10},"end":{"line":61,"column":null}},"17":{"start":{"line":64,"column":23},"end":{"line":64,"column":null}},"18":{"start":{"line":67,"column":27},"end":{"line":67,"column":null}},"19":{"start":{"line":70,"column":33},"end":{"line":70,"column":null}},"20":{"start":{"line":71,"column":36},"end":{"line":71,"column":null}},"21":{"start":{"line":73,"column":4},"end":{"line":77,"column":null}},"22":{"start":{"line":75,"column":6},"end":{"line":75,"column":null}},"23":{"start":{"line":76,"column":6},"end":{"line":76,"column":null}},"24":{"start":{"line":80,"column":23},"end":{"line":80,"column":null}},"25":{"start":{"line":83,"column":20},"end":{"line":83,"column":null}},"26":{"start":{"line":85,"column":4},"end":{"line":93,"column":null}},"27":{"start":{"line":95,"column":4},"end":{"line":95,"column":null}},"28":{"start":{"line":96,"column":4},"end":{"line":96,"column":null}},"29":{"start":{"line":98,"column":4},"end":{"line":100,"column":null}},"30":{"start":{"line":99,"column":6},"end":{"line":99,"column":null}},"31":{"start":{"line":103,"column":2},"end":{"line":103,"column":null}},"32":{"start":{"line":112,"column":39},"end":{"line":118,"column":null}},"33":{"start":{"line":119,"column":2},"end":{"line":119,"column":null}}},"fnMap":{"0":{"name":"calcExtraPayment","decl":{"start":{"line":12,"column":9},"end":{"line":12,"column":null}},"loc":{"start":{"line":15,"column":10},"end":{"line":34,"column":null}},"line":15},"1":{"name":"generateSchedule","decl":{"start":{"line":44,"column":16},"end":{"line":44,"column":33}},"loc":{"start":{"line":44,"column":66},"end":{"line":104,"column":null}},"line":44},"2":{"name":"generateScheduleWithoutPrepayment","decl":{"start":{"line":109,"column":16},"end":{"line":109,"column":null}},"loc":{"start":{"line":111,"column":17},"end":{"line":120,"column":null}},"line":111}},"branchMap":{"0":{"loc":{"start":{"line":19,"column":2},"end":{"line":24,"column":null}},"type":"if","locations":[{"start":{"line":19,"column":2},"end":{"line":24,"column":null}},{"start":{},"end":{}}],"line":19},"1":{"loc":{"start":{"line":21,"column":4},"end":{"line":23,"column":null}},"type":"if","locations":[{"start":{"line":21,"column":4},"end":{"line":23,"column":null}},{"start":{},"end":{}}],"line":21},"2":{"loc":{"start":{"line":28,"column":4},"end":{"line":30,"column":null}},"type":"if","locations":[{"start":{"line":28,"column":4},"end":{"line":30,"column":null}},{"start":{},"end":{}}],"line":28},"3":{"loc":{"start":{"line":56,"column":9},"end":{"line":56,"column":53}},"type":"binary-expr","locations":[{"start":{"line":56,"column":9},"end":{"line":56,"column":24}},{"start":{"line":56,"column":24},"end":{"line":56,"column":53}}],"line":56},"4":{"loc":{"start":{"line":73,"column":4},"end":{"line":77,"column":null}},"type":"if","locations":[{"start":{"line":73,"column":4},"end":{"line":77,"column":null}},{"start":{},"end":{}}],"line":73},"5":{"loc":{"start":{"line":98,"column":4},"end":{"line":100,"column":null}},"type":"if","locations":[{"start":{"line":98,"column":4},"end":{"line":100,"column":null}},{"start":{},"end":{}}],"line":98}},"s":{"0":3671,"1":3671,"2":435,"3":435,"4":53,"5":3671,"6":325,"7":3,"8":3671,"9":34,"10":34,"11":34,"12":34,"13":34,"14":34,"15":3671,"16":3671,"17":3671,"18":3671,"19":3671,"20":3671,"21":3671,"22":34,"23":34,"24":3671,"25":3671,"26":3671,"27":3671,"28":3671,"29":3671,"30":34,"31":34,"32":13,"33":13},"f":{"0":3671,"1":34,"2":13},"b":{"0":[435,3236],"1":[53,382],"2":[3,322],"3":[34,3671],"4":[34,3637],"5":[34,3637]},"meta":{"lastBranch":6,"lastFunction":3,"lastStatement":34,"seen":{"f:12:9:12:Infinity":0,"s:16:14:16:Infinity":0,"b:19:2:24:Infinity:undefined:undefined:undefined:undefined":0,"s:19:2:24:Infinity":1,"s:20:10:20:Infinity":2,"b:21:4:23:Infinity:undefined:undefined:undefined:undefined":1,"s:21:4:23:Infinity":3,"s:22:6:22:Infinity":4,"s:27:2:31:Infinity":5,"b:28:4:30:Infinity:undefined:undefined:undefined:undefined":2,"s:28:4:30:Infinity":6,"s:29:6:29:Infinity":7,"s:33:2:33:Infinity":8,"f:44:16:44:33":1,"s:45:34:45:Infinity":9,"s:46:8:50:Infinity":10,"s:51:20:51:Infinity":11,"s:53:16:53:Infinity":12,"s:54:19:54:Infinity":13,"s:56:2:101:Infinity":14,"b:56:9:56:24:56:24:56:53":3,"s:58:10:58:Infinity":15,"s:61:10:61:Infinity":16,"s:64:23:64:Infinity":17,"s:67:27:67:Infinity":18,"s:70:33:70:Infinity":19,"s:71:36:71:Infinity":20,"b:73:4:77:Infinity:undefined:undefined:undefined:undefined":4,"s:73:4:77:Infinity":21,"s:75:6:75:Infinity":22,"s:76:6:76:Infinity":23,"s:80:23:80:Infinity":24,"s:83:20:83:Infinity":25,"s:85:4:93:Infinity":26,"s:95:4:95:Infinity":27,"s:96:4:96:Infinity":28,"b:98:4:100:Infinity:undefined:undefined:undefined:undefined":5,"s:98:4:100:Infinity":29,"s:99:6:99:Infinity":30,"s:103:2:103:Infinity":31,"f:109:16:109:Infinity":2,"s:112:39:118:Infinity":32,"s:119:2:119:Infinity":33}}}
,"/Users/Accio/Desktop/programming/Frontend/loan-sim/app/src/domain/summary.ts": {"path":"/Users/Accio/Desktop/programming/Frontend/loan-sim/app/src/domain/summary.ts","statementMap":{"0":{"start":{"line":13,"column":2},"end":{"line":13,"column":null}},"1":{"start":{"line":13,"column":39},"end":{"line":13,"column":58}},"2":{"start":{"line":20,"column":2},"end":{"line":20,"column":null}},"3":{"start":{"line":20,"column":39},"end":{"line":20,"column":59}},"4":{"start":{"line":27,"column":8},"end":{"line":27,"column":null}},"5":{"start":{"line":28,"column":8},"end":{"line":28,"column":null}},"6":{"start":{"line":30,"column":8},"end":{"line":34,"column":null}},"7":{"start":{"line":36,"column":27},"end":{"line":36,"column":null}},"8":{"start":{"line":37,"column":39},"end":{"line":37,"column":null}},"9":{"start":{"line":39,"column":23},"end":{"line":39,"column":null}},"10":{"start":{"line":40,"column":24},"end":{"line":40,"column":null}},"11":{"start":{"line":42,"column":31},"end":{"line":42,"column":null}},"12":{"start":{"line":44,"column":2},"end":{"line":52,"column":null}},"13":{"start":{"line":63,"column":8},"end":{"line":67,"column":null}},"14":{"start":{"line":69,"column":2},"end":{"line":77,"column":null}}},"fnMap":{"0":{"name":"calcTotalPayment","decl":{"start":{"line":12,"column":9},"end":{"line":12,"column":26}},"loc":{"start":{"line":12,"column":59},"end":{"line":14,"column":null}},"line":12},"1":{"name":"(anonymous_1)","decl":{"start":{"line":13,"column":25},"end":{"line":13,"column":26}},"loc":{"start":{"line":13,"column":39},"end":{"line":13,"column":58}},"line":13},"2":{"name":"calcTotalInterest","decl":{"start":{"line":19,"column":9},"end":{"line":19,"column":27}},"loc":{"start":{"line":19,"column":60},"end":{"line":21,"column":null}},"line":19},"3":{"name":"(anonymous_3)","decl":{"start":{"line":20,"column":25},"end":{"line":20,"column":26}},"loc":{"start":{"line":20,"column":39},"end":{"line":20,"column":59}},"line":20},"4":{"name":"calcSummary","decl":{"start":{"line":26,"column":16},"end":{"line":26,"column":28}},"loc":{"start":{"line":26,"column":55},"end":{"line":53,"column":null}},"line":26},"5":{"name":"calcSummaryFromSchedule","decl":{"start":{"line":58,"column":16},"end":{"line":58,"column":null}},"loc":{"start":{"line":62,"column":11},"end":{"line":78,"column":null}},"line":62}},"branchMap":{},"s":{"0":10,"1":1040,"2":21,"3":2348,"4":9,"5":9,"6":9,"7":9,"8":9,"9":9,"10":9,"11":9,"12":9,"13":1,"14":1},"f":{"0":10,"1":1040,"2":21,"3":2348,"4":9,"5":1},"b":{},"meta":{"lastBranch":0,"lastFunction":6,"lastStatement":15,"seen":{"f:12:9:12:26":0,"s:13:2:13:Infinity":0,"f:13:25:13:26":1,"s:13:39:13:58":1,"f:19:9:19:27":2,"s:20:2:20:Infinity":2,"f:20:25:20:26":3,"s:20:39:20:59":3,"f:26:16:26:28":4,"s:27:8:27:Infinity":4,"s:28:8:28:Infinity":5,"s:30:8:34:Infinity":6,"s:36:27:36:Infinity":7,"s:37:39:37:Infinity":8,"s:39:23:39:Infinity":9,"s:40:24:40:Infinity":10,"s:42:31:42:Infinity":11,"s:44:2:52:Infinity":12,"f:58:16:58:Infinity":5,"s:63:8:67:Infinity":13,"s:69:2:77:Infinity":14}}}
,"/Users/Accio/Desktop/programming/Frontend/loan-sim/app/src/domain/types.ts": {"path":"/Users/Accio/Desktop/programming/Frontend/loan-sim/app/src/domain/types.ts","statementMap":{},"fnMap":{},"branchMap":{},"s":{},"f":{},"b":{},"meta":{"lastBranch":0,"lastFunction":0,"lastStatement":0,"seen":{}}}
,"/Users/Accio/Desktop/programming/Frontend/loan-sim/app/src/domain/validation.ts": {"path":"/Users/Accio/Desktop/programming/Frontend/loan-sim/app/src/domain/validation.ts","statementMap":{"0":{"start":{"line":11,"column":36},"end":{"line":11,"column":null}},"1":{"start":{"line":14,"column":2},"end":{"line":19,"column":null}},"2":{"start":{"line":15,"column":4},"end":{"line":18,"column":null}},"3":{"start":{"line":20,"column":2},"end":{"line":25,"column":null}},"4":{"start":{"line":21,"column":4},"end":{"line":24,"column":null}},"5":{"start":{"line":28,"column":2},"end":{"line":33,"column":null}},"6":{"start":{"line":29,"column":4},"end":{"line":32,"column":null}},"7":{"start":{"line":36,"column":2},"end":{"line":41,"column":null}},"8":{"start":{"line":37,"column":4},"end":{"line":40,"column":null}},"9":{"start":{"line":42,"column":2},"end":{"line":47,"column":null}},"10":{"start":{"line":43,"column":4},"end":{"line":46,"column":null}},"11":{"start":{"line":50,"column":2},"end":{"line":55,"column":null}},"12":{"start":{"line":51,"column":4},"end":{"line":54,"column":null}},"13":{"start":{"line":58,"column":2},"end":{"line":77,"column":null}},"14":{"start":{"line":59,"column":31},"end":{"line":59,"column":null}},"15":{"start":{"line":61,"column":4},"end":{"line":66,"column":null}},"16":{"start":{"line":62,"column":6},"end":{"line":65,"column":null}},"17":{"start":{"line":68,"column":4},"end":{"line":76,"column":null}},"18":{"start":{"line":69,"column":6},"end":{"line":75,"column":null}},"19":{"start":{"line":70,"column":8},"end":{"line":73,"column":null}},"20":{"start":{"line":74,"column":8},"end":{"line":74,"column":null}},"21":{"start":{"line":80,"column":2},"end":{"line":88,"column":null}},"22":{"start":{"line":80,"column":15},"end":{"line":80,"column":18}},"23":{"start":{"line":81,"column":18},"end":{"line":81,"column":null}},"24":{"start":{"line":82,"column":4},"end":{"line":87,"column":null}},"25":{"start":{"line":83,"column":6},"end":{"line":86,"column":null}},"26":{"start":{"line":90,"column":2},"end":{"line":92,"column":null}},"27":{"start":{"line":91,"column":4},"end":{"line":91,"column":null}},"28":{"start":{"line":93,"column":2},"end":{"line":93,"column":null}},"29":{"start":{"line":100,"column":2},"end":{"line":100,"column":null}},"30":{"start":{"line":100,"column":27},"end":{"line":100,"column":53}}},"fnMap":{"0":{"name":"validateLoanInput","decl":{"start":{"line":10,"column":16},"end":{"line":10,"column":34}},"loc":{"start":{"line":10,"column":70},"end":{"line":94,"column":null}},"line":10},"1":{"name":"formatValidationErrors","decl":{"start":{"line":99,"column":16},"end":{"line":99,"column":39}},"loc":{"start":{"line":99,"column":74},"end":{"line":101,"column":null}},"line":99},"2":{"name":"(anonymous_2)","decl":{"start":{"line":100,"column":20},"end":{"line":100,"column":21}},"loc":{"start":{"line":100,"column":27},"end":{"line":100,"column":53}},"line":100}},"branchMap":{"0":{"loc":{"start":{"line":14,"column":2},"end":{"line":19,"column":null}},"type":"if","locations":[{"start":{"line":14,"column":2},"end":{"line":19,"column":null}},{"start":{},"end":{}}],"line":14},"1":{"loc":{"start":{"line":20,"column":2},"end":{"line":25,"column":null}},"type":"if","locations":[{"start":{"line":20,"column":2},"end":{"line":25,"column":null}},{"start":{},"end":{}}],"line":20},"2":{"loc":{"start":{"line":28,"column":2},"end":{"line":33,"column":null}},"type":"if","locations":[{"start":{"line":28,"column":2},"end":{"line":33,"column":null}},{"start":{},"end":{}}],"line":28},"3":{"loc":{"start":{"line":36,"column":2},"end":{"line":41,"column":null}},"type":"if","locations":[{"start":{"line":36,"column":2},"end":{"line":41,"column":null}},{"start":{},"end":{}}],"line":36},"4":{"loc":{"start":{"line":42,"column":2},"end":{"line":47,"column":null}},"type":"if","locations":[{"start":{"line":42,"column":2},"end":{"line":47,"column":null}},{"start":{},"end":{}}],"line":42},"5":{"loc":{"start":{"line":50,"column":2},"end":{"line":55,"column":null}},"type":"if","locations":[{"start":{"line":50,"column":2},"end":{"line":55,"column":null}},{"start":{},"end":{}}],"line":50},"6":{"loc":{"start":{"line":58,"column":2},"end":{"line":77,"column":null}},"type":"if","locations":[{"start":{"line":58,"column":2},"end":{"line":77,"column":null}},{"start":{},"end":{}}],"line":58},"7":{"loc":{"start":{"line":61,"column":4},"end":{"line":66,"column":null}},"type":"if","locations":[{"start":{"line":61,"column":4},"end":{"line":66,"column":null}},{"start":{},"end":{}}],"line":61},"8":{"loc":{"start":{"line":69,"column":6},"end":{"line":75,"column":null}},"type":"if","locations":[{"start":{"line":69,"column":6},"end":{"line":75,"column":null}},{"start":{},"end":{}}],"line":69},"9":{"loc":{"start":{"line":69,"column":10},"end":{"line":69,"column":63}},"type":"binary-expr","locations":[{"start":{"line":69,"column":10},"end":{"line":69,"column":23}},{"start":{"line":69,"column":23},"end":{"line":69,"column":37}},{"start":{"line":69,"column":37},"end":{"line":69,"column":63}}],"line":69},"10":{"loc":{"start":{"line":82,"column":4},"end":{"line":87,"column":null}},"type":"if","locations":[{"start":{"line":82,"column":4},"end":{"line":87,"column":null}},{"start":{},"end":{}}],"line":82},"11":{"loc":{"start":{"line":90,"column":2},"end":{"line":92,"column":null}},"type":"if","locations":[{"start":{"line":90,"column":2},"end":{"line":92,"column":null}},{"start":{},"end":{}}],"line":90}},"s":{"0":15,"1":15,"2":3,"3":15,"4":1,"5":15,"6":1,"7":15,"8":2,"9":15,"10":1,"11":15,"12":2,"13":15,"14":4,"15":4,"16":1,"17":4,"18":7,"19":2,"20":2,"21":15,"22":15,"23":2,"24":2,"25":1,"26":15,"27":12,"28":3,"29":1,"30":2},"f":{"0":15,"1":1,"2":2},"b":{"0":[3,12],"1":[1,14],"2":[1,14],"3":[2,13],"4":[1,14],"5":[2,13],"6":[4,11],"7":[1,3],"8":[2,5],"9":[7,6,5],"10":[1,1],"11":[12,3]},"meta":{"lastBranch":12,"lastFunction":3,"lastStatement":31,"seen":{"f:10:16:10:34":0,"s:11:36:11:Infinity":0,"b:14:2:19:Infinity:undefined:undefined:undefined:undefined":0,"s:14:2:19:Infinity":1,"s:15:4:18:Infinity":2,"b:20:2:25:Infinity:undefined:undefined:undefined:undefined":1,"s:20:2:25:Infinity":3,"s:21:4:24:Infinity":4,"b:28:2:33:Infinity:undefined:undefined:undefined:undefined":2,"s:28:2:33:Infinity":5,"s:29:4:32:Infinity":6,"b:36:2:41:Infinity:undefined:undefined:undefined:undefined":3,"s:36:2:41:Infinity":7,"s:37:4:40:Infinity":8,"b:42:2:47:Infinity:undefined:undefined:undefined:undefined":4,"s:42:2:47:Infinity":9,"s:43:4:46:Infinity":10,"b:50:2:55:Infinity:undefined:undefined:undefined:undefined":5,"s:50:2:55:Infinity":11,"s:51:4:54:Infinity":12,"b:58:2:77:Infinity:undefined:undefined:undefined:undefined":6,"s:58:2:77:Infinity":13,"s:59:31:59:Infinity":14,"b:61:4:66:Infinity:undefined:undefined:undefined:undefined":7,"s:61:4:66:Infinity":15,"s:62:6:65:Infinity":16,"s:68:4:76:Infinity":17,"b:69:6:75:Infinity:undefined:undefined:undefined:undefined":8,"s:69:6:75:Infinity":18,"b:69:10:69:23:69:23:69:37:69:37:69:63":9,"s:70:8:73:Infinity":19,"s:74:8:74:Infinity":20,"s:80:2:88:Infinity":21,"s:80:15:80:18":22,"s:81:18:81:Infinity":23,"b:82:4:87:Infinity:undefined:undefined:undefined:undefined":10,"s:82:4:87:Infinity":24,"s:83:6:86:Infinity":25,"b:90:2:92:Infinity:undefined:undefined:undefined:undefined":11,"s:90:2:92:Infinity":26,"s:91:4:91:Infinity":27,"s:93:2:93:Infinity":28,"f:99:16:99:39":1,"s:100:2:100:Infinity":29,"f:100:20:100:21":2,"s:100:27:100:53":30}}}
,"/Users/Accio/Desktop/programming/Frontend/loan-sim/app/src/domain/yearMonth.ts": {"path":"/Users/Accio/Desktop/programming/Frontend/loan-sim/app/src/domain/yearMonth.ts","statementMap":{"0":{"start":{"line":7,"column":25},"end":{"line":7,"column":null}},"1":{"start":{"line":13,"column":2},"end":{"line":13,"column":null}},"2":{"start":{"line":21,"column":2},"end":{"line":23,"column":null}},"3":{"start":{"line":22,"column":4},"end":{"line":22,"column":null}},"4":{"start":{"line":24,"column":2},"end":{"line":24,"column":null}},"5":{"start":{"line":31,"column":2},"end":{"line":33,"column":null}},"6":{"start":{"line":32,"column":4},"end":{"line":32,"column":null}},"7":{"start":{"line":34,"column":2},"end":{"line":34,"column":null}},"8":{"start":{"line":41,"column":2},"end":{"line":43,"column":null}},"9":{"start":{"line":42,"column":4},"end":{"line":42,"column":null}},"10":{"start":{"line":44,"column":2},"end":{"line":46,"column":null}},"11":{"start":{"line":45,"column":4},"end":{"line":45,"column":null}},"12":{"start":{"line":47,"column":16},"end":{"line":47,"column":null}},"13":{"start":{"line":48,"column":2},"end":{"line":48,"column":null}},"14":{"start":{"line":55,"column":2},"end":{"line":55,"column":null}},"15":{"start":{"line":62,"column":2},"end":{"line":62,"column":null}},"16":{"start":{"line":69,"column":13},"end":{"line":69,"column":null}},"17":{"start":{"line":70,"column":14},"end":{"line":70,"column":null}},"18":{"start":{"line":73,"column":2},"end":{"line":76,"column":null}},"19":{"start":{"line":74,"column":4},"end":{"line":74,"column":null}},"20":{"start":{"line":75,"column":4},"end":{"line":75,"column":null}},"21":{"start":{"line":77,"column":2},"end":{"line":80,"column":null}},"22":{"start":{"line":78,"column":4},"end":{"line":78,"column":null}},"23":{"start":{"line":79,"column":4},"end":{"line":79,"column":null}},"24":{"start":{"line":82,"column":2},"end":{"line":82,"column":null}},"25":{"start":{"line":90,"column":16},"end":{"line":90,"column":null}},"26":{"start":{"line":91,"column":17},"end":{"line":91,"column":null}},"27":{"start":{"line":92,"column":16},"end":{"line":92,"column":null}},"28":{"start":{"line":93,"column":17},"end":{"line":93,"column":null}},"29":{"start":{"line":95,"column":2},"end":{"line":95,"column":null}},"30":{"start":{"line":103,"column":2},"end":{"line":103,"column":null}},"31":{"start":{"line":110,"column":14},"end":{"line":110,"column":null}},"32":{"start":{"line":111,"column":2},"end":{"line":111,"column":null}}},"fnMap":{"0":{"name":"isValidYearMonthString","decl":{"start":{"line":12,"column":16},"end":{"line":12,"column":39}},"loc":{"start":{"line":12,"column":63},"end":{"line":14,"column":null}},"line":12},"1":{"name":"createYearMonth","decl":{"start":{"line":20,"column":16},"end":{"line":20,"column":32}},"loc":{"start":{"line":20,"column":58},"end":{"line":25,"column":null}},"line":20},"2":{"name":"tryCreateYearMonth","decl":{"start":{"line":30,"column":16},"end":{"line":30,"column":35}},"loc":{"start":{"line":30,"column":68},"end":{"line":35,"column":null}},"line":30},"3":{"name":"fromYearAndMonth","decl":{"start":{"line":40,"column":16},"end":{"line":40,"column":33}},"loc":{"start":{"line":40,"column":73},"end":{"line":49,"column":null}},"line":40},"4":{"name":"getYear","decl":{"start":{"line":54,"column":16},"end":{"line":54,"column":24}},"loc":{"start":{"line":54,"column":47},"end":{"line":56,"column":null}},"line":54},"5":{"name":"getMonth","decl":{"start":{"line":61,"column":16},"end":{"line":61,"column":25}},"loc":{"start":{"line":61,"column":48},"end":{"line":63,"column":null}},"line":61},"6":{"name":"addMonths","decl":{"start":{"line":68,"column":16},"end":{"line":68,"column":26}},"loc":{"start":{"line":68,"column":68},"end":{"line":83,"column":null}},"line":68},"7":{"name":"diffMonths","decl":{"start":{"line":89,"column":16},"end":{"line":89,"column":27}},"loc":{"start":{"line":89,"column":67},"end":{"line":96,"column":null}},"line":89},"8":{"name":"compareYearMonth","decl":{"start":{"line":102,"column":16},"end":{"line":102,"column":33}},"loc":{"start":{"line":102,"column":73},"end":{"line":104,"column":null}},"line":102},"9":{"name":"getCurrentYearMonth","decl":{"start":{"line":109,"column":16},"end":{"line":109,"column":49}},"loc":{"start":{"line":109,"column":49},"end":{"line":112,"column":null}},"line":109}},"branchMap":{"0":{"loc":{"start":{"line":21,"column":2},"end":{"line":23,"column":null}},"type":"if","locations":[{"start":{"line":21,"column":2},"end":{"line":23,"column":null}},{"start":{},"end":{}}],"line":21},"1":{"loc":{"start":{"line":31,"column":2},"end":{"line":33,"column":null}},"type":"if","locations":[{"start":{"line":31,"column":2},"end":{"line":33,"column":null}},{"start":{},"end":{}}],"line":31},"2":{"loc":{"start":{"line":41,"column":2},"end":{"line":43,"column":null}},"type":"if","locations":[{"start":{"line":41,"column":2},"end":{"line":43,"column":null}},{"start":{},"end":{}}],"line":41},"3":{"loc":{"start":{"line":41,"column":6},"end":{"line":41,"column":31}},"type":"binary-expr","locations":[{"start":{"line":41,"column":6},"end":{"line":41,"column":19}},{"start":{"line":41,"column":19},"end":{"line":41,"column":31}}],"line":41},"4":{"loc":{"start":{"line":44,"column":2},"end":{"line":46,"column":null}},"type":"if","locations":[{"start":{"line":44,"column":2},"end":{"line":46,"column":null}},{"start":{},"end":{}}],"line":44},"5":{"loc":{"start":{"line":44,"column":6},"end":{"line":44,"column":34}},"type":"binary-expr","locations":[{"start":{"line":44,"column":6},"end":{"line":44,"column":21}},{"start":{"line":44,"column":21},"end":{"line":44,"column":34}}],"line":44}},"s":{"0":5,"1":70,"2":57,"3":2,"4":55,"5":3,"6":2,"7":1,"8":3688,"9":2,"10":3686,"11":1,"12":3685,"13":3685,"14":3693,"15":4128,"16":3678,"17":3678,"18":3678,"19":15613,"20":15613,"21":3678,"22":2,"23":2,"24":3678,"25":7,"26":7,"27":7,"28":7,"29":7,"30":3,"31":4,"32":4},"f":{"0":70,"1":57,"2":3,"3":3688,"4":3693,"5":4128,"6":3678,"7":7,"8":3,"9":4},"b":{"0":[2,55],"1":[2,1],"2":[2,3686],"3":[3688,3687],"4":[1,3685],"5":[3686,3685]},"meta":{"lastBranch":6,"lastFunction":10,"lastStatement":33,"seen":{"s:7:25:7:Infinity":0,"f:12:16:12:39":0,"s:13:2:13:Infinity":1,"f:20:16:20:32":1,"b:21:2:23:Infinity:undefined:undefined:undefined:undefined":0,"s:21:2:23:Infinity":2,"s:22:4:22:Infinity":3,"s:24:2:24:Infinity":4,"f:30:16:30:35":2,"b:31:2:33:Infinity:undefined:undefined:undefined:undefined":1,"s:31:2:33:Infinity":5,"s:32:4:32:Infinity":6,"s:34:2:34:Infinity":7,"f:40:16:40:33":3,"b:41:2:43:Infinity:undefined:undefined:undefined:undefined":2,"s:41:2:43:Infinity":8,"b:41:6:41:19:41:19:41:31":3,"s:42:4:42:Infinity":9,"b:44:2:46:Infinity:undefined:undefined:undefined:undefined":4,"s:44:2:46:Infinity":10,"b:44:6:44:21:44:21:44:34":5,"s:45:4:45:Infinity":11,"s:47:16:47:Infinity":12,"s:48:2:48:Infinity":13,"f:54:16:54:24":4,"s:55:2:55:Infinity":14,"f:61:16:61:25":5,"s:62:2:62:Infinity":15,"f:68:16:68:26":6,"s:69:13:69:Infinity":16,"s:70:14:70:Infinity":17,"s:73:2:76:Infinity":18,"s:74:4:74:Infinity":19,"s:75:4:75:Infinity":20,"s:77:2:80:Infinity":21,"s:78:4:78:Infinity":22,"s:79:4:79:Infinity":23,"s:82:2:82:Infinity":24,"f:89:16:89:27":7,"s:90:16:90:Infinity":25,"s:91:17:91:Infinity":26,"s:92:16:92:Infinity":27,"s:93:17:93:Infinity":28,"s:95:2:95:Infinity":29,"f:102:16:102:33":8,"s:103:2:103:Infinity":30,"f:109:16:109:49":9,"s:110:14:110:Infinity":31,"s:111:2:111:Infinity":32}}}
}
