{"/Users/Accio/Desktop/programming/Frontend/loan-sim/app/src/components/BalanceChart.tsx": {"path":"/Users/Accio/Desktop/programming/Frontend/loan-sim/app/src/components/BalanceChart.tsx","statementMap":{"0":{"start":{"line":21,"column":2},"end":{"line":23,"column":null}},"1":{"start":{"line":22,"column":4},"end":{"line":22,"column":null}},"2":{"start":{"line":24,"column":2},"end":{"line":24,"column":null}},"3":{"start":{"line":29,"column":2},"end":{"line":29,"column":null}},"4":{"start":{"line":34,"column":8},"end":{"line":37,"column":null}},"5":{"start":{"line":35,"column":10},"end":{"line":35,"column":null}},"6":{"start":{"line":39,"column":2},"end":{"line":108,"column":null}},"7":{"start":{"line":58,"column":42},"end":{"line":61,"column":null}},"8":{"start":{"line":62,"column":41},"end":{"line":62,"column":null}},"9":{"start":{"line":122,"column":33},"end":{"line":122,"column":null}},"10":{"start":{"line":125,"column":2},"end":{"line":136,"column":null}},"11":{"start":{"line":126,"column":21},"end":{"line":126,"column":null}},"12":{"start":{"line":127,"column":4},"end":{"line":135,"column":null}},"13":{"start":{"line":139,"column":20},"end":{"line":142,"column":null}},"14":{"start":{"line":144,"column":2},"end":{"line":155,"column":null}},"15":{"start":{"line":144,"column":15},"end":{"line":144,"column":19}},"16":{"start":{"line":145,"column":16},"end":{"line":145,"column":null}},"17":{"start":{"line":146,"column":23},"end":{"line":146,"column":null}},"18":{"start":{"line":148,"column":17},"end":{"line":148,"column":null}},"19":{"start":{"line":150,"column":4},"end":{"line":154,"column":null}},"20":{"start":{"line":158,"column":18},"end":{"line":158,"column":null}},"21":{"start":{"line":159,"column":2},"end":{"line":170,"column":null}},"22":{"start":{"line":160,"column":27},"end":{"line":160,"column":null}},"23":{"start":{"line":161,"column":26},"end":{"line":161,"column":null}},"24":{"start":{"line":163,"column":4},"end":{"line":169,"column":null}},"25":{"start":{"line":164,"column":6},"end":{"line":168,"column":null}},"26":{"start":{"line":172,"column":2},"end":{"line":172,"column":null}}},"fnMap":{"0":{"name":"formatYAxis","decl":{"start":{"line":20,"column":9},"end":{"line":20,"column":21}},"loc":{"start":{"line":20,"column":44},"end":{"line":25,"column":null}},"line":20},"1":{"name":"formatTooltip","decl":{"start":{"line":28,"column":9},"end":{"line":28,"column":23}},"loc":{"start":{"line":28,"column":46},"end":{"line":30,"column":null}},"line":28},"2":{"name":"BalanceChart","decl":{"start":{"line":32,"column":16},"end":{"line":32,"column":29}},"loc":{"start":{"line":32,"column":89},"end":{"line":110,"column":null}},"line":32},"3":{"name":"(anonymous_3)","decl":{"start":{"line":35,"column":4},"end":{"line":35,"column":10}},"loc":{"start":{"line":35,"column":10},"end":{"line":35,"column":null}},"line":35},"4":{"name":"(anonymous_4)","decl":{"start":{"line":58,"column":25},"end":{"line":58,"column":26}},"loc":{"start":{"line":58,"column":42},"end":{"line":61,"column":null}},"line":58},"5":{"name":"(anonymous_5)","decl":{"start":{"line":62,"column":30},"end":{"line":62,"column":31}},"loc":{"start":{"line":62,"column":41},"end":{"line":62,"column":null}},"line":62},"6":{"name":"prepareChartData","decl":{"start":{"line":118,"column":9},"end":{"line":118,"column":null}},"loc":{"start":{"line":121,"column":20},"end":{"line":173,"column":null}},"line":121}},"branchMap":{"0":{"loc":{"start":{"line":21,"column":2},"end":{"line":23,"column":null}},"type":"if","locations":[{"start":{"line":21,"column":2},"end":{"line":23,"column":null}},{"start":{},"end":{}}],"line":21},"1":{"loc":{"start":{"line":59,"column":30},"end":{"line":59,"column":67}},"type":"cond-expr","locations":[{"start":{"line":59,"column":58},"end":{"line":59,"column":66}},{"start":{"line":59,"column":66},"end":{"line":59,"column":67}}],"line":59},"2":{"loc":{"start":{"line":60,"column":16},"end":{"line":60,"column":null}},"type":"cond-expr","locations":[{"start":{"line":60,"column":37},"end":{"line":60,"column":44}},{"start":{"line":60,"column":44},"end":{"line":60,"column":null}}],"line":60},"3":{"loc":{"start":{"line":71,"column":13},"end":{"line":80,"column":null}},"type":"binary-expr","locations":[{"start":{"line":71,"column":13},"end":{"line":71,"column":null}},{"start":{"line":72,"column":14},"end":{"line":80,"column":null}}],"line":71},"4":{"loc":{"start":{"line":96,"column":7},"end":{"line":106,"column":null}},"type":"binary-expr","locations":[{"start":{"line":96,"column":7},"end":{"line":96,"column":null}},{"start":{"line":97,"column":8},"end":{"line":106,"column":null}}],"line":96},"5":{"loc":{"start":{"line":125,"column":2},"end":{"line":136,"column":null}},"type":"if","locations":[{"start":{"line":125,"column":2},"end":{"line":136,"column":null}},{"start":{},"end":{}}],"line":125},"6":{"loc":{"start":{"line":130,"column":22},"end":{"line":134,"column":null}},"type":"cond-expr","locations":[{"start":{"line":131,"column":10},"end":{"line":133,"column":null}},{"start":{"line":134,"column":10},"end":{"line":134,"column":null}}],"line":130},"7":{"loc":{"start":{"line":141,"column":4},"end":{"line":141,"column":null}},"type":"binary-expr","locations":[{"start":{"line":141,"column":4},"end":{"line":141,"column":41}},{"start":{"line":141,"column":41},"end":{"line":141,"column":null}}],"line":141},"8":{"loc":{"start":{"line":152,"column":15},"end":{"line":152,"column":null}},"type":"binary-expr","locations":[{"start":{"line":152,"column":15},"end":{"line":152,"column":31}},{"start":{"line":152,"column":31},"end":{"line":152,"column":null}}],"line":152},"9":{"loc":{"start":{"line":159,"column":2},"end":{"line":170,"column":null}},"type":"if","locations":[{"start":{"line":159,"column":2},"end":{"line":170,"column":null}},{"start":{},"end":{}}],"line":159},"10":{"loc":{"start":{"line":159,"column":6},"end":{"line":159,"column":40}},"type":"binary-expr","locations":[{"start":{"line":159,"column":6},"end":{"line":159,"column":17}},{"start":{"line":159,"column":17},"end":{"line":159,"column":40}}],"line":159},"11":{"loc":{"start":{"line":163,"column":4},"end":{"line":169,"column":null}},"type":"if","locations":[{"start":{"line":163,"column":4},"end":{"line":169,"column":null}},{"start":{},"end":{}}],"line":163},"12":{"loc":{"start":{"line":163,"column":8},"end":{"line":163,"column":72}},"type":"binary-expr","locations":[{"start":{"line":163,"column":8},"end":{"line":163,"column":26}},{"start":{"line":163,"column":26},"end":{"line":163,"column":72}}],"line":163}},"s":{"0":0,"1":0,"2":0,"3":0,"4":12,"5":12,"6":12,"7":0,"8":0,"9":12,"10":12,"11":11,"12":11,"13":12,"14":12,"15":12,"16":69,"17":69,"18":69,"19":69,"20":12,"21":12,"22":9,"23":9,"24":9,"25":0,"26":12},"f":{"0":0,"1":0,"2":12,"3":12,"4":0,"5":0,"6":12},"b":{"0":[0,0],"1":[0,0],"2":[0,0],"3":[12,2],"4":[12,2],"5":[11,1],"6":[2,9],"7":[12,10],"8":[69,1],"9":[9,3],"10":[12,11],"11":[0,9],"12":[9,9]},"meta":{"lastBranch":13,"lastFunction":7,"lastStatement":27,"seen":{"f:20:9:20:21":0,"b:21:2:23:Infinity:undefined:undefined:undefined:undefined":0,"s:21:2:23:Infinity":0,"s:22:4:22:Infinity":1,"s:24:2:24:Infinity":2,"f:28:9:28:23":1,"s:29:2:29:Infinity":3,"f:32:16:32:29":2,"s:34:8:37:Infinity":4,"f:35:4:35:10":3,"s:35:10:35:Infinity":5,"s:39:2:108:Infinity":6,"f:58:25:58:26":4,"s:58:42:61:Infinity":7,"b:59:58:59:66:59:66:59:67":1,"b:60:37:60:44:60:44:60:Infinity":2,"f:62:30:62:31":5,"s:62:41:62:Infinity":8,"b:71:13:71:Infinity:72:14:80:Infinity":3,"b:96:7:96:Infinity:97:8:106:Infinity":4,"f:118:9:118:Infinity":6,"s:122:33:122:Infinity":9,"b:125:2:136:Infinity:undefined:undefined:undefined:undefined":5,"s:125:2:136:Infinity":10,"s:126:21:126:Infinity":11,"s:127:4:135:Infinity":12,"b:131:10:133:Infinity:134:10:134:Infinity":6,"s:139:20:142:Infinity":13,"b:141:4:141:41:141:41:141:Infinity":7,"s:144:2:155:Infinity":14,"s:144:15:144:19":15,"s:145:16:145:Infinity":16,"s:146:23:146:Infinity":17,"s:148:17:148:Infinity":18,"s:150:4:154:Infinity":19,"b:152:15:152:31:152:31:152:Infinity":8,"s:158:18:158:Infinity":20,"b:159:2:170:Infinity:undefined:undefined:undefined:undefined":9,"s:159:2:170:Infinity":21,"b:159:6:159:17:159:17:159:40":10,"s:160:27:160:Infinity":22,"s:161:26:161:Infinity":23,"b:163:4:169:Infinity:undefined:undefined:undefined:undefined":11,"s:163:4:169:Infinity":24,"b:163:8:163:26:163:26:163:72":12,"s:164:6:168:Infinity":25,"s:172:2:172:Infinity":26}}}
,"/Users/Accio/Desktop/programming/Frontend/loan-sim/app/src/components/LoanForm.tsx": {"path":"/Users/Accio/Desktop/programming/Frontend/loan-sim/app/src/components/LoanForm.tsx","statementMap":{"0":{"start":{"line":10,"column":2},"end":{"line":10,"column":null}},"1":{"start":{"line":11,"column":20},"end":{"line":11,"column":null}},"2":{"start":{"line":12,"column":20},"end":{"line":12,"column":null}},"3":{"start":{"line":23,"column":2},"end":{"line":23,"column":null}},"4":{"start":{"line":25,"column":23},"end":{"line":34,"column":null}},"5":{"start":{"line":26,"column":4},"end":{"line":26,"column":null}},"6":{"start":{"line":27,"column":41},"end":{"line":27,"column":null}},"7":{"start":{"line":28,"column":4},"end":{"line":33,"column":null}},"8":{"start":{"line":29,"column":6},"end":{"line":29,"column":null}},"9":{"start":{"line":30,"column":4},"end":{"line":33,"column":null}},"10":{"start":{"line":32,"column":6},"end":{"line":32,"column":null}},"11":{"start":{"line":36,"column":2},"end":{"line":146,"column":null}},"12":{"start":{"line":50,"column":31},"end":{"line":50,"column":null}},"13":{"start":{"line":71,"column":31},"end":{"line":71,"column":null}},"14":{"start":{"line":91,"column":31},"end":{"line":91,"column":null}},"15":{"start":{"line":111,"column":31},"end":{"line":111,"column":null}},"16":{"start":{"line":131,"column":41},"end":{"line":131,"column":null}}},"fnMap":{"0":{"name":"LoanForm","decl":{"start":{"line":14,"column":16},"end":{"line":14,"column":25}},"loc":{"start":{"line":14,"column":54},"end":{"line":148,"column":null}},"line":14},"1":{"name":"(anonymous_1)","decl":{"start":{"line":25,"column":23},"end":{"line":25,"column":24}},"loc":{"start":{"line":25,"column":47},"end":{"line":34,"column":null}},"line":25},"2":{"name":"(anonymous_2)","decl":{"start":{"line":50,"column":24},"end":{"line":50,"column":25}},"loc":{"start":{"line":50,"column":31},"end":{"line":50,"column":null}},"line":50},"3":{"name":"(anonymous_3)","decl":{"start":{"line":71,"column":24},"end":{"line":71,"column":25}},"loc":{"start":{"line":71,"column":31},"end":{"line":71,"column":null}},"line":71},"4":{"name":"(anonymous_4)","decl":{"start":{"line":91,"column":24},"end":{"line":91,"column":25}},"loc":{"start":{"line":91,"column":31},"end":{"line":91,"column":null}},"line":91},"5":{"name":"(anonymous_5)","decl":{"start":{"line":111,"column":24},"end":{"line":111,"column":25}},"loc":{"start":{"line":111,"column":31},"end":{"line":111,"column":null}},"line":111},"6":{"name":"(anonymous_6)","decl":{"start":{"line":131,"column":23},"end":{"line":131,"column":24}},"loc":{"start":{"line":131,"column":41},"end":{"line":131,"column":null}},"line":131}},"branchMap":{"0":{"loc":{"start":{"line":28,"column":4},"end":{"line":33,"column":null}},"type":"if","locations":[{"start":{"line":28,"column":4},"end":{"line":33,"column":null}},{"start":{"line":30,"column":4},"end":{"line":33,"column":null}}],"line":28},"1":{"loc":{"start":{"line":30,"column":4},"end":{"line":33,"column":null}},"type":"if","locations":[{"start":{"line":30,"column":4},"end":{"line":33,"column":null}},{"start":{},"end":{}}],"line":30},"2":{"loc":{"start":{"line":53,"column":32},"end":{"line":53,"column":null}},"type":"cond-expr","locations":[{"start":{"line":53,"column":51},"end":{"line":53,"column":71}},{"start":{"line":53,"column":71},"end":{"line":53,"column":null}}],"line":53},"3":{"loc":{"start":{"line":55,"column":13},"end":{"line":58,"column":null}},"type":"binary-expr","locations":[{"start":{"line":55,"column":13},"end":{"line":55,"column":null}},{"start":{"line":56,"column":14},"end":{"line":58,"column":null}}],"line":55},"4":{"loc":{"start":{"line":74,"column":32},"end":{"line":74,"column":null}},"type":"cond-expr","locations":[{"start":{"line":74,"column":60},"end":{"line":74,"column":75}},{"start":{"line":74,"column":75},"end":{"line":74,"column":null}}],"line":74},"5":{"loc":{"start":{"line":76,"column":13},"end":{"line":79,"column":null}},"type":"binary-expr","locations":[{"start":{"line":76,"column":13},"end":{"line":76,"column":null}},{"start":{"line":77,"column":14},"end":{"line":79,"column":null}}],"line":76},"6":{"loc":{"start":{"line":94,"column":32},"end":{"line":94,"column":null}},"type":"cond-expr","locations":[{"start":{"line":94,"column":51},"end":{"line":94,"column":66}},{"start":{"line":94,"column":66},"end":{"line":94,"column":null}}],"line":94},"7":{"loc":{"start":{"line":96,"column":13},"end":{"line":99,"column":null}},"type":"binary-expr","locations":[{"start":{"line":96,"column":13},"end":{"line":96,"column":null}},{"start":{"line":97,"column":14},"end":{"line":99,"column":null}}],"line":96},"8":{"loc":{"start":{"line":114,"column":32},"end":{"line":114,"column":null}},"type":"cond-expr","locations":[{"start":{"line":114,"column":56},"end":{"line":114,"column":72}},{"start":{"line":114,"column":72},"end":{"line":114,"column":null}}],"line":114},"9":{"loc":{"start":{"line":116,"column":13},"end":{"line":119,"column":null}},"type":"binary-expr","locations":[{"start":{"line":116,"column":13},"end":{"line":116,"column":null}},{"start":{"line":117,"column":14},"end":{"line":119,"column":null}}],"line":116}},"s":{"0":2,"1":2,"2":2,"3":138,"4":138,"5":22,"6":22,"7":22,"8":13,"9":9,"10":9,"11":138,"12":33,"13":4,"14":8,"15":0,"16":24},"f":{"0":138,"1":22,"2":33,"3":4,"4":8,"5":0,"6":24},"b":{"0":[13,9],"1":[9,0],"2":[4,134],"3":[138,4],"4":[2,136],"5":[138,2],"6":[1,137],"7":[138,1],"8":[0,138],"9":[138,0]},"meta":{"lastBranch":10,"lastFunction":7,"lastStatement":17,"seen":{"s:10:2:10:Infinity":0,"s:11:20:11:Infinity":1,"s:12:20:12:Infinity":2,"f:14:16:14:25":0,"s:23:2:23:Infinity":3,"s:25:23:34:Infinity":4,"f:25:23:25:24":1,"s:26:4:26:Infinity":5,"s:27:41:27:Infinity":6,"b:28:4:33:Infinity:30:4:33:Infinity":0,"s:28:4:33:Infinity":7,"s:29:6:29:Infinity":8,"b:30:4:33:Infinity:undefined:undefined:undefined:undefined":1,"s:30:4:33:Infinity":9,"s:32:6:32:Infinity":10,"s:36:2:146:Infinity":11,"f:50:24:50:25":2,"s:50:31:50:Infinity":12,"b:53:51:53:71:53:71:53:Infinity":2,"b:55:13:55:Infinity:56:14:58:Infinity":3,"f:71:24:71:25":3,"s:71:31:71:Infinity":13,"b:74:60:74:75:74:75:74:Infinity":4,"b:76:13:76:Infinity:77:14:79:Infinity":5,"f:91:24:91:25":4,"s:91:31:91:Infinity":14,"b:94:51:94:66:94:66:94:Infinity":6,"b:96:13:96:Infinity:97:14:99:Infinity":7,"f:111:24:111:25":5,"s:111:31:111:Infinity":15,"b:114:56:114:72:114:72:114:Infinity":8,"b:116:13:116:Infinity:117:14:119:Infinity":9,"f:131:23:131:24":6,"s:131:41:131:Infinity":16}}}
,"/Users/Accio/Desktop/programming/Frontend/loan-sim/app/src/components/OneTimeExtrasList.tsx": {"path":"/Users/Accio/Desktop/programming/Frontend/loan-sim/app/src/components/OneTimeExtrasList.tsx","statementMap":{"0":{"start":{"line":27,"column":2},"end":{"line":92,"column":null}},"1":{"start":{"line":41,"column":27},"end":{"line":41,"column":null}},"2":{"start":{"line":42,"column":28},"end":{"line":42,"column":null}},"3":{"start":{"line":43,"column":8},"end":{"line":89,"column":null}},"4":{"start":{"line":50,"column":33},"end":{"line":50,"column":null}},"5":{"start":{"line":68,"column":33},"end":{"line":68,"column":null}},"6":{"start":{"line":83,"column":29},"end":{"line":83,"column":null}}},"fnMap":{"0":{"name":"OneTimeExtrasList","decl":{"start":{"line":17,"column":16},"end":{"line":17,"column":34}},"loc":{"start":{"line":26,"column":27},"end":{"line":94,"column":null}},"line":26},"1":{"name":"(anonymous_1)","decl":{"start":{"line":40,"column":17},"end":{"line":40,"column":18}},"loc":{"start":{"line":40,"column":34},"end":{"line":91,"column":7}},"line":40},"2":{"name":"(anonymous_2)","decl":{"start":{"line":50,"column":26},"end":{"line":50,"column":27}},"loc":{"start":{"line":50,"column":33},"end":{"line":50,"column":null}},"line":50},"3":{"name":"(anonymous_3)","decl":{"start":{"line":68,"column":26},"end":{"line":68,"column":27}},"loc":{"start":{"line":68,"column":33},"end":{"line":68,"column":null}},"line":68},"4":{"name":"(anonymous_4)","decl":{"start":{"line":83,"column":23},"end":{"line":83,"column":29}},"loc":{"start":{"line":83,"column":29},"end":{"line":83,"column":null}},"line":83}},"branchMap":{"0":{"loc":{"start":{"line":55,"column":34},"end":{"line":55,"column":null}},"type":"cond-expr","locations":[{"start":{"line":55,"column":55},"end":{"line":55,"column":81}},{"start":{"line":55,"column":81},"end":{"line":55,"column":null}}],"line":55},"1":{"loc":{"start":{"line":57,"column":15},"end":{"line":60,"column":null}},"type":"binary-expr","locations":[{"start":{"line":57,"column":15},"end":{"line":57,"column":null}},{"start":{"line":58,"column":16},"end":{"line":60,"column":null}}],"line":57},"2":{"loc":{"start":{"line":73,"column":34},"end":{"line":73,"column":null}},"type":"cond-expr","locations":[{"start":{"line":73,"column":56},"end":{"line":73,"column":83}},{"start":{"line":73,"column":83},"end":{"line":73,"column":null}}],"line":73},"3":{"loc":{"start":{"line":75,"column":15},"end":{"line":78,"column":null}},"type":"binary-expr","locations":[{"start":{"line":75,"column":15},"end":{"line":75,"column":null}},{"start":{"line":76,"column":16},"end":{"line":78,"column":null}}],"line":75}},"s":{"0":138,"1":24,"2":24,"3":24,"4":1,"5":7,"6":1},"f":{"0":138,"1":24,"2":1,"3":7,"4":1},"b":{"0":[2,22],"1":[24,2],"2":[0,24],"3":[24,0]},"meta":{"lastBranch":4,"lastFunction":5,"lastStatement":7,"seen":{"f:17:16:17:34":0,"s:27:2:92:Infinity":0,"f:40:17:40:18":1,"s:41:27:41:Infinity":1,"s:42:28:42:Infinity":2,"s:43:8:89:Infinity":3,"f:50:26:50:27":2,"s:50:33:50:Infinity":4,"b:55:55:55:81:55:81:55:Infinity":0,"b:57:15:57:Infinity:58:16:60:Infinity":1,"f:68:26:68:27":3,"s:68:33:68:Infinity":5,"b:73:56:73:83:73:83:73:Infinity":2,"b:75:15:75:Infinity:76:16:78:Infinity":3,"f:83:23:83:29":4,"s:83:29:83:Infinity":6}}}
,"/Users/Accio/Desktop/programming/Frontend/loan-sim/app/src/components/PrepaymentSection.tsx": {"path":"/Users/Accio/Desktop/programming/Frontend/loan-sim/app/src/components/PrepaymentSection.tsx","statementMap":{"0":{"start":{"line":37,"column":2},"end":{"line":116,"column":null}},"1":{"start":{"line":50,"column":29},"end":{"line":50,"column":null}},"2":{"start":{"line":72,"column":31},"end":{"line":72,"column":null}},"3":{"start":{"line":92,"column":31},"end":{"line":92,"column":null}}},"fnMap":{"0":{"name":"PrepaymentSection","decl":{"start":{"line":23,"column":16},"end":{"line":23,"column":34}},"loc":{"start":{"line":36,"column":27},"end":{"line":118,"column":null}},"line":36},"1":{"name":"(anonymous_1)","decl":{"start":{"line":50,"column":22},"end":{"line":50,"column":23}},"loc":{"start":{"line":50,"column":29},"end":{"line":50,"column":null}},"line":50},"2":{"name":"(anonymous_2)","decl":{"start":{"line":72,"column":24},"end":{"line":72,"column":25}},"loc":{"start":{"line":72,"column":31},"end":{"line":72,"column":null}},"line":72},"3":{"name":"(anonymous_3)","decl":{"start":{"line":92,"column":24},"end":{"line":92,"column":25}},"loc":{"start":{"line":92,"column":31},"end":{"line":92,"column":null}},"line":92}},"branchMap":{"0":{"loc":{"start":{"line":53,"column":30},"end":{"line":53,"column":null}},"type":"cond-expr","locations":[{"start":{"line":53,"column":52},"end":{"line":53,"column":76}},{"start":{"line":53,"column":76},"end":{"line":53,"column":null}}],"line":53},"1":{"loc":{"start":{"line":55,"column":11},"end":{"line":58,"column":null}},"type":"binary-expr","locations":[{"start":{"line":55,"column":11},"end":{"line":55,"column":null}},{"start":{"line":56,"column":12},"end":{"line":58,"column":null}}],"line":55},"2":{"loc":{"start":{"line":75,"column":32},"end":{"line":75,"column":null}},"type":"cond-expr","locations":[{"start":{"line":75,"column":53},"end":{"line":75,"column":76}},{"start":{"line":75,"column":76},"end":{"line":75,"column":null}}],"line":75},"3":{"loc":{"start":{"line":77,"column":13},"end":{"line":80,"column":null}},"type":"binary-expr","locations":[{"start":{"line":77,"column":13},"end":{"line":77,"column":null}},{"start":{"line":78,"column":14},"end":{"line":80,"column":null}}],"line":77},"4":{"loc":{"start":{"line":95,"column":32},"end":{"line":95,"column":null}},"type":"cond-expr","locations":[{"start":{"line":95,"column":53},"end":{"line":95,"column":76}},{"start":{"line":95,"column":76},"end":{"line":95,"column":null}}],"line":95},"5":{"loc":{"start":{"line":97,"column":13},"end":{"line":100,"column":null}},"type":"binary-expr","locations":[{"start":{"line":97,"column":13},"end":{"line":97,"column":null}},{"start":{"line":98,"column":14},"end":{"line":100,"column":null}}],"line":97}},"s":{"0":138,"1":12,"2":6,"3":6},"f":{"0":138,"1":12,"2":6,"3":6},"b":{"0":[0,138],"1":[138,0],"2":[1,137],"3":[138,1],"4":[0,138],"5":[138,0]},"meta":{"lastBranch":6,"lastFunction":4,"lastStatement":4,"seen":{"f:23:16:23:34":0,"s:37:2:116:Infinity":0,"f:50:22:50:23":1,"s:50:29:50:Infinity":1,"b:53:52:53:76:53:76:53:Infinity":0,"b:55:11:55:Infinity:56:12:58:Infinity":1,"f:72:24:72:25":2,"s:72:31:72:Infinity":2,"b:75:53:75:76:75:76:75:Infinity":2,"b:77:13:77:Infinity:78:14:80:Infinity":3,"f:92:24:92:25":3,"s:92:31:92:Infinity":3,"b:95:53:95:76:95:76:95:Infinity":4,"b:97:13:97:Infinity:98:14:100:Infinity":5}}}
,"/Users/Accio/Desktop/programming/Frontend/loan-sim/app/src/components/ScheduleTable.tsx": {"path":"/Users/Accio/Desktop/programming/Frontend/loan-sim/app/src/components/ScheduleTable.tsx","statementMap":{"0":{"start":{"line":9,"column":18},"end":{"line":9,"column":null}},"1":{"start":{"line":12,"column":36},"end":{"line":12,"column":null}},"2":{"start":{"line":14,"column":2},"end":{"line":16,"column":null}},"3":{"start":{"line":15,"column":4},"end":{"line":15,"column":null}},"4":{"start":{"line":17,"column":21},"end":{"line":17,"column":null}},"5":{"start":{"line":19,"column":21},"end":{"line":19,"column":null}},"6":{"start":{"line":20,"column":19},"end":{"line":20,"column":null}},"7":{"start":{"line":21,"column":22},"end":{"line":21,"column":null}},"8":{"start":{"line":23,"column":19},"end":{"line":25,"column":null}},"9":{"start":{"line":24,"column":4},"end":{"line":24,"column":null}},"10":{"start":{"line":27,"column":2},"end":{"line":123,"column":null}},"11":{"start":{"line":46,"column":14},"end":{"line":69,"column":null}},"12":{"start":{"line":86,"column":29},"end":{"line":86,"column":null}},"13":{"start":{"line":94,"column":29},"end":{"line":94,"column":null}},"14":{"start":{"line":105,"column":29},"end":{"line":105,"column":null}},"15":{"start":{"line":113,"column":29},"end":{"line":113,"column":null}}},"fnMap":{"0":{"name":"ScheduleTable","decl":{"start":{"line":11,"column":16},"end":{"line":11,"column":30}},"loc":{"start":{"line":11,"column":64},"end":{"line":125,"column":null}},"line":11},"1":{"name":"(anonymous_1)","decl":{"start":{"line":14,"column":12},"end":{"line":14,"column":18}},"loc":{"start":{"line":14,"column":18},"end":{"line":16,"column":5}},"line":14},"2":{"name":"(anonymous_2)","decl":{"start":{"line":23,"column":19},"end":{"line":23,"column":20}},"loc":{"start":{"line":23,"column":37},"end":{"line":25,"column":null}},"line":23},"3":{"name":"(anonymous_3)","decl":{"start":{"line":45,"column":29},"end":{"line":45,"column":30}},"loc":{"start":{"line":46,"column":14},"end":{"line":69,"column":null}},"line":46},"4":{"name":"(anonymous_4)","decl":{"start":{"line":86,"column":23},"end":{"line":86,"column":29}},"loc":{"start":{"line":86,"column":29},"end":{"line":86,"column":null}},"line":86},"5":{"name":"(anonymous_5)","decl":{"start":{"line":94,"column":23},"end":{"line":94,"column":29}},"loc":{"start":{"line":94,"column":29},"end":{"line":94,"column":null}},"line":94},"6":{"name":"(anonymous_6)","decl":{"start":{"line":105,"column":23},"end":{"line":105,"column":29}},"loc":{"start":{"line":105,"column":29},"end":{"line":105,"column":null}},"line":105},"7":{"name":"(anonymous_7)","decl":{"start":{"line":113,"column":23},"end":{"line":113,"column":29}},"loc":{"start":{"line":113,"column":29},"end":{"line":113,"column":null}},"line":113}},"branchMap":{"0":{"loc":{"start":{"line":49,"column":18},"end":{"line":49,"column":null}},"type":"cond-expr","locations":[{"start":{"line":49,"column":41},"end":{"line":49,"column":57}},{"start":{"line":49,"column":57},"end":{"line":49,"column":null}}],"line":49},"1":{"loc":{"start":{"line":64,"column":19},"end":{"line":64,"column":null}},"type":"cond-expr","locations":[{"start":{"line":64,"column":38},"end":{"line":64,"column":77}},{"start":{"line":64,"column":77},"end":{"line":64,"column":null}}],"line":64},"2":{"loc":{"start":{"line":75,"column":7},"end":{"line":121,"column":null}},"type":"binary-expr","locations":[{"start":{"line":75,"column":7},"end":{"line":75,"column":null}},{"start":{"line":76,"column":8},"end":{"line":121,"column":null}}],"line":75}},"s":{"0":2,"1":19,"2":19,"3":15,"4":19,"5":19,"6":19,"7":19,"8":19,"9":1,"10":19,"11":312,"12":0,"13":0,"14":1,"15":0},"f":{"0":19,"1":15,"2":1,"3":312,"4":0,"5":0,"6":1,"7":0},"b":{"0":[24,288],"1":[24,288],"2":[19,15]},"meta":{"lastBranch":3,"lastFunction":8,"lastStatement":16,"seen":{"s:9:18:9:Infinity":0,"f:11:16:11:30":0,"s:12:36:12:Infinity":1,"s:14:2:16:Infinity":2,"f:14:12:14:18":1,"s:15:4:15:Infinity":3,"s:17:21:17:Infinity":4,"s:19:21:19:Infinity":5,"s:20:19:20:Infinity":6,"s:21:22:21:Infinity":7,"s:23:19:25:Infinity":8,"f:23:19:23:20":2,"s:24:4:24:Infinity":9,"s:27:2:123:Infinity":10,"f:45:29:45:30":3,"s:46:14:69:Infinity":11,"b:49:41:49:57:49:57:49:Infinity":0,"b:64:38:64:77:64:77:64:Infinity":1,"b:75:7:75:Infinity:76:8:121:Infinity":2,"f:86:23:86:29":4,"s:86:29:86:Infinity":12,"f:94:23:94:29":5,"s:94:29:94:Infinity":13,"f:105:23:105:29":6,"s:105:29:105:Infinity":14,"f:113:23:113:29":7,"s:113:29:113:Infinity":15}}}
,"/Users/Accio/Desktop/programming/Frontend/loan-sim/app/src/components/SummaryCard.tsx": {"path":"/Users/Accio/Desktop/programming/Frontend/loan-sim/app/src/components/SummaryCard.tsx","statementMap":{"0":{"start":{"line":11,"column":16},"end":{"line":11,"column":null}},"1":{"start":{"line":12,"column":26},"end":{"line":12,"column":null}},"2":{"start":{"line":14,"column":2},"end":{"line":16,"column":null}},"3":{"start":{"line":15,"column":4},"end":{"line":15,"column":null}},"4":{"start":{"line":17,"column":2},"end":{"line":19,"column":null}},"5":{"start":{"line":18,"column":4},"end":{"line":18,"column":null}},"6":{"start":{"line":20,"column":2},"end":{"line":20,"column":null}},"7":{"start":{"line":24,"column":24},"end":{"line":24,"column":null}},"8":{"start":{"line":26,"column":2},"end":{"line":71,"column":null}},"9":{"start":{"line":83,"column":2},"end":{"line":98,"column":null}}},"fnMap":{"0":{"name":"formatMonths","decl":{"start":{"line":10,"column":9},"end":{"line":10,"column":22}},"loc":{"start":{"line":10,"column":46},"end":{"line":21,"column":null}},"line":10},"1":{"name":"SummaryCard","decl":{"start":{"line":23,"column":16},"end":{"line":23,"column":28}},"loc":{"start":{"line":23,"column":70},"end":{"line":73,"column":null}},"line":23},"2":{"name":"SummaryItem","decl":{"start":{"line":82,"column":9},"end":{"line":82,"column":21}},"loc":{"start":{"line":82,"column":77},"end":{"line":100,"column":null}},"line":82}},"branchMap":{"0":{"loc":{"start":{"line":14,"column":2},"end":{"line":16,"column":null}},"type":"if","locations":[{"start":{"line":14,"column":2},"end":{"line":16,"column":null}},{"start":{},"end":{}}],"line":14},"1":{"loc":{"start":{"line":17,"column":2},"end":{"line":19,"column":null}},"type":"if","locations":[{"start":{"line":17,"column":2},"end":{"line":19,"column":null}},{"start":{},"end":{}}],"line":17},"2":{"loc":{"start":{"line":24,"column":24},"end":{"line":24,"column":null}},"type":"binary-expr","locations":[{"start":{"line":24,"column":24},"end":{"line":24,"column":59}},{"start":{"line":24,"column":59},"end":{"line":24,"column":null}}],"line":24},"3":{"loc":{"start":{"line":54,"column":9},"end":{"line":68,"column":null}},"type":"binary-expr","locations":[{"start":{"line":54,"column":9},"end":{"line":54,"column":null}},{"start":{"line":55,"column":10},"end":{"line":68,"column":null}}],"line":54},"4":{"loc":{"start":{"line":86,"column":8},"end":{"line":86,"column":null}},"type":"cond-expr","locations":[{"start":{"line":86,"column":20},"end":{"line":86,"column":60}},{"start":{"line":86,"column":60},"end":{"line":86,"column":null}}],"line":86},"5":{"loc":{"start":{"line":92,"column":10},"end":{"line":92,"column":null}},"type":"cond-expr","locations":[{"start":{"line":92,"column":22},"end":{"line":92,"column":41}},{"start":{"line":92,"column":41},"end":{"line":92,"column":null}}],"line":92},"6":{"loc":{"start":{"line":97,"column":7},"end":{"line":97,"column":null}},"type":"binary-expr","locations":[{"start":{"line":97,"column":7},"end":{"line":97,"column":18}},{"start":{"line":97,"column":18},"end":{"line":97,"column":null}}],"line":97}},"s":{"0":26,"1":26,"2":26,"3":1,"4":25,"5":24,"6":1,"7":14,"8":14,"9":68},"f":{"0":26,"1":14,"2":68},"b":{"0":[1,25],"1":[24,1],"2":[14,8],"3":[14,6],"4":[12,56],"5":[12,56],"6":[68,48]},"meta":{"lastBranch":7,"lastFunction":3,"lastStatement":10,"seen":{"f:10:9:10:22":0,"s:11:16:11:Infinity":0,"s:12:26:12:Infinity":1,"b:14:2:16:Infinity:undefined:undefined:undefined:undefined":0,"s:14:2:16:Infinity":2,"s:15:4:15:Infinity":3,"b:17:2:19:Infinity:undefined:undefined:undefined:undefined":1,"s:17:2:19:Infinity":4,"s:18:4:18:Infinity":5,"s:20:2:20:Infinity":6,"f:23:16:23:28":1,"s:24:24:24:Infinity":7,"b:24:24:24:59:24:59:24:Infinity":2,"s:26:2:71:Infinity":8,"b:54:9:54:Infinity:55:10:68:Infinity":3,"f:82:9:82:21":2,"s:83:2:98:Infinity":9,"b:86:20:86:60:86:60:86:Infinity":4,"b:92:22:92:41:92:41:92:Infinity":5,"b:97:7:97:18:97:18:97:Infinity":6}}}
,"/Users/Accio/Desktop/programming/Frontend/loan-sim/app/src/domain/annuity.ts": {"path":"/Users/Accio/Desktop/programming/Frontend/loan-sim/app/src/domain/annuity.ts","statementMap":{"0":{"start":{"line":24,"column":12},"end":{"line":24,"column":null}},"1":{"start":{"line":27,"column":2},"end":{"line":29,"column":null}},"2":{"start":{"line":28,"column":4},"end":{"line":28,"column":null}},"3":{"start":{"line":31,"column":12},"end":{"line":31,"column":null}},"4":{"start":{"line":32,"column":16},"end":{"line":32,"column":null}},"5":{"start":{"line":34,"column":19},"end":{"line":34,"column":null}},"6":{"start":{"line":37,"column":2},"end":{"line":37,"column":null}},"7":{"start":{"line":46,"column":2},"end":{"line":46,"column":null}},"8":{"start":{"line":59,"column":22},"end":{"line":59,"column":null}},"9":{"start":{"line":61,"column":2},"end":{"line":61,"column":null}}},"fnMap":{"0":{"name":"calcMonthlyPayment","decl":{"start":{"line":19,"column":16},"end":{"line":19,"column":null}},"loc":{"start":{"line":23,"column":10},"end":{"line":38,"column":null}},"line":23},"1":{"name":"calcMonthlyRate","decl":{"start":{"line":45,"column":16},"end":{"line":45,"column":32}},"loc":{"start":{"line":45,"column":68},"end":{"line":47,"column":null}},"line":45},"2":{"name":"calcMonthlyInterest","decl":{"start":{"line":55,"column":16},"end":{"line":55,"column":null}},"loc":{"start":{"line":58,"column":10},"end":{"line":62,"column":null}},"line":58}},"branchMap":{"0":{"loc":{"start":{"line":27,"column":2},"end":{"line":29,"column":null}},"type":"if","locations":[{"start":{"line":27,"column":2},"end":{"line":29,"column":null}},{"start":{},"end":{}}],"line":27}},"s":{"0":77,"1":77,"2":6,"3":71,"4":71,"5":71,"6":71,"7":5325,"8":5322,"9":5322},"f":{"0":77,"1":5325,"2":5322},"b":{"0":[6,71]},"meta":{"lastBranch":1,"lastFunction":3,"lastStatement":10,"seen":{"f:19:16:19:Infinity":0,"s:24:12:24:Infinity":0,"b:27:2:29:Infinity:undefined:undefined:undefined:undefined":0,"s:27:2:29:Infinity":1,"s:28:4:28:Infinity":2,"s:31:12:31:Infinity":3,"s:32:16:32:Infinity":4,"s:34:19:34:Infinity":5,"s:37:2:37:Infinity":6,"f:45:16:45:32":1,"s:46:2:46:Infinity":7,"f:55:16:55:Infinity":2,"s:59:22:59:Infinity":8,"s:61:2:61:Infinity":9}}}
,"/Users/Accio/Desktop/programming/Frontend/loan-sim/app/src/domain/index.ts": {"path":"/Users/Accio/Desktop/programming/Frontend/loan-sim/app/src/domain/index.ts","statementMap":{},"fnMap":{},"branchMap":{},"s":{},"f":{},"b":{},"meta":{"lastBranch":0,"lastFunction":0,"lastStatement":0,"seen":{}}}
,"/Users/Accio/Desktop/programming/Frontend/loan-sim/app/src/domain/schedule.ts": {"path":"/Users/Accio/Desktop/programming/Frontend/loan-sim/app/src/domain/schedule.ts","statementMap":{"0":{"start":{"line":16,"column":14},"end":{"line":16,"column":null}},"1":{"start":{"line":19,"column":2},"end":{"line":24,"column":null}},"2":{"start":{"line":20,"column":10},"end":{"line":20,"column":null}},"3":{"start":{"line":21,"column":4},"end":{"line":23,"column":null}},"4":{"start":{"line":22,"column":6},"end":{"line":22,"column":null}},"5":{"start":{"line":27,"column":2},"end":{"line":31,"column":null}},"6":{"start":{"line":28,"column":4},"end":{"line":30,"column":null}},"7":{"start":{"line":29,"column":6},"end":{"line":29,"column":null}},"8":{"start":{"line":33,"column":2},"end":{"line":33,"column":null}},"9":{"start":{"line":45,"column":34},"end":{"line":45,"column":null}},"10":{"start":{"line":46,"column":8},"end":{"line":50,"column":null}},"11":{"start":{"line":51,"column":20},"end":{"line":51,"column":null}},"12":{"start":{"line":53,"column":16},"end":{"line":53,"column":null}},"13":{"start":{"line":54,"column":19},"end":{"line":54,"column":null}},"14":{"start":{"line":56,"column":2},"end":{"line":101,"column":null}},"15":{"start":{"line":58,"column":10},"end":{"line":58,"column":null}},"16":{"start":{"line":61,"column":10},"end":{"line":61,"column":null}},"17":{"start":{"line":64,"column":23},"end":{"line":64,"column":null}},"18":{"start":{"line":67,"column":27},"end":{"line":67,"column":null}},"19":{"start":{"line":70,"column":33},"end":{"line":70,"column":null}},"20":{"start":{"line":71,"column":36},"end":{"line":71,"column":null}},"21":{"start":{"line":73,"column":4},"end":{"line":77,"column":null}},"22":{"start":{"line":75,"column":6},"end":{"line":75,"column":null}},"23":{"start":{"line":76,"column":6},"end":{"line":76,"column":null}},"24":{"start":{"line":80,"column":23},"end":{"line":80,"column":null}},"25":{"start":{"line":83,"column":20},"end":{"line":83,"column":null}},"26":{"start":{"line":85,"column":4},"end":{"line":93,"column":null}},"27":{"start":{"line":95,"column":4},"end":{"line":95,"column":null}},"28":{"start":{"line":96,"column":4},"end":{"line":96,"column":null}},"29":{"start":{"line":98,"column":4},"end":{"line":100,"column":null}},"30":{"start":{"line":99,"column":6},"end":{"line":99,"column":null}},"31":{"start":{"line":103,"column":2},"end":{"line":103,"column":null}},"32":{"start":{"line":112,"column":39},"end":{"line":118,"column":null}},"33":{"start":{"line":119,"column":2},"end":{"line":119,"column":null}}},"fnMap":{"0":{"name":"calcExtraPayment","decl":{"start":{"line":12,"column":9},"end":{"line":12,"column":null}},"loc":{"start":{"line":15,"column":10},"end":{"line":34,"column":null}},"line":15},"1":{"name":"generateSchedule","decl":{"start":{"line":44,"column":16},"end":{"line":44,"column":33}},"loc":{"start":{"line":44,"column":66},"end":{"line":104,"column":null}},"line":44},"2":{"name":"generateScheduleWithoutPrepayment","decl":{"start":{"line":109,"column":16},"end":{"line":109,"column":null}},"loc":{"start":{"line":111,"column":17},"end":{"line":120,"column":null}},"line":111}},"branchMap":{"0":{"loc":{"start":{"line":19,"column":2},"end":{"line":24,"column":null}},"type":"if","locations":[{"start":{"line":19,"column":2},"end":{"line":24,"column":null}},{"start":{},"end":{}}],"line":19},"1":{"loc":{"start":{"line":21,"column":4},"end":{"line":23,"column":null}},"type":"if","locations":[{"start":{"line":21,"column":4},"end":{"line":23,"column":null}},{"start":{},"end":{}}],"line":21},"2":{"loc":{"start":{"line":28,"column":4},"end":{"line":30,"column":null}},"type":"if","locations":[{"start":{"line":28,"column":4},"end":{"line":30,"column":null}},{"start":{},"end":{}}],"line":28},"3":{"loc":{"start":{"line":56,"column":9},"end":{"line":56,"column":53}},"type":"binary-expr","locations":[{"start":{"line":56,"column":9},"end":{"line":56,"column":24}},{"start":{"line":56,"column":24},"end":{"line":56,"column":53}}],"line":56},"4":{"loc":{"start":{"line":73,"column":4},"end":{"line":77,"column":null}},"type":"if","locations":[{"start":{"line":73,"column":4},"end":{"line":77,"column":null}},{"start":{},"end":{}}],"line":73},"5":{"loc":{"start":{"line":98,"column":4},"end":{"line":100,"column":null}},"type":"if","locations":[{"start":{"line":98,"column":4},"end":{"line":100,"column":null}},{"start":{},"end":{}}],"line":98}},"s":{"0":5317,"1":5317,"2":435,"3":435,"4":53,"5":5317,"6":325,"7":3,"8":5317,"9":52,"10":52,"11":52,"12":52,"13":52,"14":52,"15":5317,"16":5317,"17":5317,"18":5317,"19":5317,"20":5317,"21":5317,"22":52,"23":52,"24":5317,"25":5317,"26":5317,"27":5317,"28":5317,"29":5317,"30":52,"31":52,"32":22,"33":22},"f":{"0":5317,"1":52,"2":22},"b":{"0":[435,4882],"1":[53,382],"2":[3,322],"3":[52,5317],"4":[52,5265],"5":[52,5265]},"meta":{"lastBranch":6,"lastFunction":3,"lastStatement":34,"seen":{"f:12:9:12:Infinity":0,"s:16:14:16:Infinity":0,"b:19:2:24:Infinity:undefined:undefined:undefined:undefined":0,"s:19:2:24:Infinity":1,"s:20:10:20:Infinity":2,"b:21:4:23:Infinity:undefined:undefined:undefined:undefined":1,"s:21:4:23:Infinity":3,"s:22:6:22:Infinity":4,"s:27:2:31:Infinity":5,"b:28:4:30:Infinity:undefined:undefined:undefined:undefined":2,"s:28:4:30:Infinity":6,"s:29:6:29:Infinity":7,"s:33:2:33:Infinity":8,"f:44:16:44:33":1,"s:45:34:45:Infinity":9,"s:46:8:50:Infinity":10,"s:51:20:51:Infinity":11,"s:53:16:53:Infinity":12,"s:54:19:54:Infinity":13,"s:56:2:101:Infinity":14,"b:56:9:56:24:56:24:56:53":3,"s:58:10:58:Infinity":15,"s:61:10:61:Infinity":16,"s:64:23:64:Infinity":17,"s:67:27:67:Infinity":18,"s:70:33:70:Infinity":19,"s:71:36:71:Infinity":20,"b:73:4:77:Infinity:undefined:undefined:undefined:undefined":4,"s:73:4:77:Infinity":21,"s:75:6:75:Infinity":22,"s:76:6:76:Infinity":23,"s:80:23:80:Infinity":24,"s:83:20:83:Infinity":25,"s:85:4:93:Infinity":26,"s:95:4:95:Infinity":27,"s:96:4:96:Infinity":28,"b:98:4:100:Infinity:undefined:undefined:undefined:undefined":5,"s:98:4:100:Infinity":29,"s:99:6:99:Infinity":30,"s:103:2:103:Infinity":31,"f:109:16:109:Infinity":2,"s:112:39:118:Infinity":32,"s:119:2:119:Infinity":33}}}
,"/Users/Accio/Desktop/programming/Frontend/loan-sim/app/src/domain/summary.ts": {"path":"/Users/Accio/Desktop/programming/Frontend/loan-sim/app/src/domain/summary.ts","statementMap":{"0":{"start":{"line":13,"column":2},"end":{"line":13,"column":null}},"1":{"start":{"line":13,"column":39},"end":{"line":13,"column":58}},"2":{"start":{"line":20,"column":2},"end":{"line":20,"column":null}},"3":{"start":{"line":20,"column":39},"end":{"line":20,"column":59}},"4":{"start":{"line":27,"column":8},"end":{"line":27,"column":null}},"5":{"start":{"line":28,"column":8},"end":{"line":28,"column":null}},"6":{"start":{"line":30,"column":8},"end":{"line":34,"column":null}},"7":{"start":{"line":36,"column":27},"end":{"line":36,"column":null}},"8":{"start":{"line":37,"column":39},"end":{"line":37,"column":null}},"9":{"start":{"line":39,"column":23},"end":{"line":39,"column":null}},"10":{"start":{"line":40,"column":24},"end":{"line":40,"column":null}},"11":{"start":{"line":42,"column":31},"end":{"line":42,"column":null}},"12":{"start":{"line":44,"column":2},"end":{"line":52,"column":null}},"13":{"start":{"line":63,"column":8},"end":{"line":67,"column":null}},"14":{"start":{"line":69,"column":2},"end":{"line":77,"column":null}}},"fnMap":{"0":{"name":"calcTotalPayment","decl":{"start":{"line":12,"column":9},"end":{"line":12,"column":26}},"loc":{"start":{"line":12,"column":59},"end":{"line":14,"column":null}},"line":12},"1":{"name":"(anonymous_1)","decl":{"start":{"line":13,"column":25},"end":{"line":13,"column":26}},"loc":{"start":{"line":13,"column":39},"end":{"line":13,"column":58}},"line":13},"2":{"name":"calcTotalInterest","decl":{"start":{"line":19,"column":9},"end":{"line":19,"column":27}},"loc":{"start":{"line":19,"column":60},"end":{"line":21,"column":null}},"line":19},"3":{"name":"(anonymous_3)","decl":{"start":{"line":20,"column":25},"end":{"line":20,"column":26}},"loc":{"start":{"line":20,"column":39},"end":{"line":20,"column":59}},"line":20},"4":{"name":"calcSummary","decl":{"start":{"line":26,"column":16},"end":{"line":26,"column":28}},"loc":{"start":{"line":26,"column":55},"end":{"line":53,"column":null}},"line":26},"5":{"name":"calcSummaryFromSchedule","decl":{"start":{"line":58,"column":16},"end":{"line":58,"column":null}},"loc":{"start":{"line":62,"column":11},"end":{"line":78,"column":null}},"line":62}},"branchMap":{},"s":{"0":19,"1":1858,"2":48,"3":4812,"4":9,"5":9,"6":9,"7":9,"8":9,"9":9,"10":9,"11":9,"12":9,"13":10,"14":10},"f":{"0":19,"1":1858,"2":48,"3":4812,"4":9,"5":10},"b":{},"meta":{"lastBranch":0,"lastFunction":6,"lastStatement":15,"seen":{"f:12:9:12:26":0,"s:13:2:13:Infinity":0,"f:13:25:13:26":1,"s:13:39:13:58":1,"f:19:9:19:27":2,"s:20:2:20:Infinity":2,"f:20:25:20:26":3,"s:20:39:20:59":3,"f:26:16:26:28":4,"s:27:8:27:Infinity":4,"s:28:8:28:Infinity":5,"s:30:8:34:Infinity":6,"s:36:27:36:Infinity":7,"s:37:39:37:Infinity":8,"s:39:23:39:Infinity":9,"s:40:24:40:Infinity":10,"s:42:31:42:Infinity":11,"s:44:2:52:Infinity":12,"f:58:16:58:Infinity":5,"s:63:8:67:Infinity":13,"s:69:2:77:Infinity":14}}}
,"/Users/Accio/Desktop/programming/Frontend/loan-sim/app/src/domain/types.ts": {"path":"/Users/Accio/Desktop/programming/Frontend/loan-sim/app/src/domain/types.ts","statementMap":{},"fnMap":{},"branchMap":{},"s":{},"f":{},"b":{},"meta":{"lastBranch":0,"lastFunction":0,"lastStatement":0,"seen":{}}}
,"/Users/Accio/Desktop/programming/Frontend/loan-sim/app/src/domain/validation.ts": {"path":"/Users/Accio/Desktop/programming/Frontend/loan-sim/app/src/domain/validation.ts","statementMap":{"0":{"start":{"line":11,"column":36},"end":{"line":11,"column":null}},"1":{"start":{"line":14,"column":2},"end":{"line":19,"column":null}},"2":{"start":{"line":15,"column":4},"end":{"line":18,"column":null}},"3":{"start":{"line":20,"column":2},"end":{"line":25,"column":null}},"4":{"start":{"line":21,"column":4},"end":{"line":24,"column":null}},"5":{"start":{"line":28,"column":2},"end":{"line":33,"column":null}},"6":{"start":{"line":29,"column":4},"end":{"line":32,"column":null}},"7":{"start":{"line":36,"column":2},"end":{"line":41,"column":null}},"8":{"start":{"line":37,"column":4},"end":{"line":40,"column":null}},"9":{"start":{"line":42,"column":2},"end":{"line":47,"column":null}},"10":{"start":{"line":43,"column":4},"end":{"line":46,"column":null}},"11":{"start":{"line":50,"column":2},"end":{"line":55,"column":null}},"12":{"start":{"line":51,"column":4},"end":{"line":54,"column":null}},"13":{"start":{"line":58,"column":2},"end":{"line":77,"column":null}},"14":{"start":{"line":59,"column":31},"end":{"line":59,"column":null}},"15":{"start":{"line":61,"column":4},"end":{"line":66,"column":null}},"16":{"start":{"line":62,"column":6},"end":{"line":65,"column":null}},"17":{"start":{"line":68,"column":4},"end":{"line":76,"column":null}},"18":{"start":{"line":69,"column":6},"end":{"line":75,"column":null}},"19":{"start":{"line":70,"column":8},"end":{"line":73,"column":null}},"20":{"start":{"line":74,"column":8},"end":{"line":74,"column":null}},"21":{"start":{"line":80,"column":2},"end":{"line":88,"column":null}},"22":{"start":{"line":80,"column":15},"end":{"line":80,"column":18}},"23":{"start":{"line":81,"column":18},"end":{"line":81,"column":null}},"24":{"start":{"line":82,"column":4},"end":{"line":87,"column":null}},"25":{"start":{"line":83,"column":6},"end":{"line":86,"column":null}},"26":{"start":{"line":90,"column":2},"end":{"line":92,"column":null}},"27":{"start":{"line":91,"column":4},"end":{"line":91,"column":null}},"28":{"start":{"line":93,"column":2},"end":{"line":93,"column":null}},"29":{"start":{"line":100,"column":2},"end":{"line":100,"column":null}},"30":{"start":{"line":100,"column":27},"end":{"line":100,"column":53}}},"fnMap":{"0":{"name":"validateLoanInput","decl":{"start":{"line":10,"column":16},"end":{"line":10,"column":34}},"loc":{"start":{"line":10,"column":70},"end":{"line":94,"column":null}},"line":10},"1":{"name":"formatValidationErrors","decl":{"start":{"line":99,"column":16},"end":{"line":99,"column":39}},"loc":{"start":{"line":99,"column":74},"end":{"line":101,"column":null}},"line":99},"2":{"name":"(anonymous_2)","decl":{"start":{"line":100,"column":20},"end":{"line":100,"column":21}},"loc":{"start":{"line":100,"column":27},"end":{"line":100,"column":53}},"line":100}},"branchMap":{"0":{"loc":{"start":{"line":14,"column":2},"end":{"line":19,"column":null}},"type":"if","locations":[{"start":{"line":14,"column":2},"end":{"line":19,"column":null}},{"start":{},"end":{}}],"line":14},"1":{"loc":{"start":{"line":20,"column":2},"end":{"line":25,"column":null}},"type":"if","locations":[{"start":{"line":20,"column":2},"end":{"line":25,"column":null}},{"start":{},"end":{}}],"line":20},"2":{"loc":{"start":{"line":28,"column":2},"end":{"line":33,"column":null}},"type":"if","locations":[{"start":{"line":28,"column":2},"end":{"line":33,"column":null}},{"start":{},"end":{}}],"line":28},"3":{"loc":{"start":{"line":36,"column":2},"end":{"line":41,"column":null}},"type":"if","locations":[{"start":{"line":36,"column":2},"end":{"line":41,"column":null}},{"start":{},"end":{}}],"line":36},"4":{"loc":{"start":{"line":42,"column":2},"end":{"line":47,"column":null}},"type":"if","locations":[{"start":{"line":42,"column":2},"end":{"line":47,"column":null}},{"start":{},"end":{}}],"line":42},"5":{"loc":{"start":{"line":50,"column":2},"end":{"line":55,"column":null}},"type":"if","locations":[{"start":{"line":50,"column":2},"end":{"line":55,"column":null}},{"start":{},"end":{}}],"line":50},"6":{"loc":{"start":{"line":58,"column":2},"end":{"line":77,"column":null}},"type":"if","locations":[{"start":{"line":58,"column":2},"end":{"line":77,"column":null}},{"start":{},"end":{}}],"line":58},"7":{"loc":{"start":{"line":61,"column":4},"end":{"line":66,"column":null}},"type":"if","locations":[{"start":{"line":61,"column":4},"end":{"line":66,"column":null}},{"start":{},"end":{}}],"line":61},"8":{"loc":{"start":{"line":69,"column":6},"end":{"line":75,"column":null}},"type":"if","locations":[{"start":{"line":69,"column":6},"end":{"line":75,"column":null}},{"start":{},"end":{}}],"line":69},"9":{"loc":{"start":{"line":69,"column":10},"end":{"line":69,"column":63}},"type":"binary-expr","locations":[{"start":{"line":69,"column":10},"end":{"line":69,"column":23}},{"start":{"line":69,"column":23},"end":{"line":69,"column":37}},{"start":{"line":69,"column":37},"end":{"line":69,"column":63}}],"line":69},"10":{"loc":{"start":{"line":82,"column":4},"end":{"line":87,"column":null}},"type":"if","locations":[{"start":{"line":82,"column":4},"end":{"line":87,"column":null}},{"start":{},"end":{}}],"line":82},"11":{"loc":{"start":{"line":90,"column":2},"end":{"line":92,"column":null}},"type":"if","locations":[{"start":{"line":90,"column":2},"end":{"line":92,"column":null}},{"start":{},"end":{}}],"line":90}},"s":{"0":15,"1":15,"2":3,"3":15,"4":1,"5":15,"6":1,"7":15,"8":2,"9":15,"10":1,"11":15,"12":2,"13":15,"14":4,"15":4,"16":1,"17":4,"18":7,"19":2,"20":2,"21":15,"22":15,"23":2,"24":2,"25":1,"26":15,"27":12,"28":3,"29":1,"30":2},"f":{"0":15,"1":1,"2":2},"b":{"0":[3,12],"1":[1,14],"2":[1,14],"3":[2,13],"4":[1,14],"5":[2,13],"6":[4,11],"7":[1,3],"8":[2,5],"9":[7,6,5],"10":[1,1],"11":[12,3]},"meta":{"lastBranch":12,"lastFunction":3,"lastStatement":31,"seen":{"f:10:16:10:34":0,"s:11:36:11:Infinity":0,"b:14:2:19:Infinity:undefined:undefined:undefined:undefined":0,"s:14:2:19:Infinity":1,"s:15:4:18:Infinity":2,"b:20:2:25:Infinity:undefined:undefined:undefined:undefined":1,"s:20:2:25:Infinity":3,"s:21:4:24:Infinity":4,"b:28:2:33:Infinity:undefined:undefined:undefined:undefined":2,"s:28:2:33:Infinity":5,"s:29:4:32:Infinity":6,"b:36:2:41:Infinity:undefined:undefined:undefined:undefined":3,"s:36:2:41:Infinity":7,"s:37:4:40:Infinity":8,"b:42:2:47:Infinity:undefined:undefined:undefined:undefined":4,"s:42:2:47:Infinity":9,"s:43:4:46:Infinity":10,"b:50:2:55:Infinity:undefined:undefined:undefined:undefined":5,"s:50:2:55:Infinity":11,"s:51:4:54:Infinity":12,"b:58:2:77:Infinity:undefined:undefined:undefined:undefined":6,"s:58:2:77:Infinity":13,"s:59:31:59:Infinity":14,"b:61:4:66:Infinity:undefined:undefined:undefined:undefined":7,"s:61:4:66:Infinity":15,"s:62:6:65:Infinity":16,"s:68:4:76:Infinity":17,"b:69:6:75:Infinity:undefined:undefined:undefined:undefined":8,"s:69:6:75:Infinity":18,"b:69:10:69:23:69:23:69:37:69:37:69:63":9,"s:70:8:73:Infinity":19,"s:74:8:74:Infinity":20,"s:80:2:88:Infinity":21,"s:80:15:80:18":22,"s:81:18:81:Infinity":23,"b:82:4:87:Infinity:undefined:undefined:undefined:undefined":10,"s:82:4:87:Infinity":24,"s:83:6:86:Infinity":25,"b:90:2:92:Infinity:undefined:undefined:undefined:undefined":11,"s:90:2:92:Infinity":26,"s:91:4:91:Infinity":27,"s:93:2:93:Infinity":28,"f:99:16:99:39":1,"s:100:2:100:Infinity":29,"f:100:20:100:21":2,"s:100:27:100:53":30}}}
,"/Users/Accio/Desktop/programming/Frontend/loan-sim/app/src/domain/yearMonth.ts": {"path":"/Users/Accio/Desktop/programming/Frontend/loan-sim/app/src/domain/yearMonth.ts","statementMap":{"0":{"start":{"line":7,"column":25},"end":{"line":7,"column":null}},"1":{"start":{"line":13,"column":2},"end":{"line":13,"column":null}},"2":{"start":{"line":21,"column":2},"end":{"line":23,"column":null}},"3":{"start":{"line":22,"column":4},"end":{"line":22,"column":null}},"4":{"start":{"line":24,"column":2},"end":{"line":24,"column":null}},"5":{"start":{"line":31,"column":2},"end":{"line":33,"column":null}},"6":{"start":{"line":32,"column":4},"end":{"line":32,"column":null}},"7":{"start":{"line":34,"column":2},"end":{"line":34,"column":null}},"8":{"start":{"line":41,"column":2},"end":{"line":43,"column":null}},"9":{"start":{"line":42,"column":4},"end":{"line":42,"column":null}},"10":{"start":{"line":44,"column":2},"end":{"line":46,"column":null}},"11":{"start":{"line":45,"column":4},"end":{"line":45,"column":null}},"12":{"start":{"line":47,"column":16},"end":{"line":47,"column":null}},"13":{"start":{"line":48,"column":2},"end":{"line":48,"column":null}},"14":{"start":{"line":55,"column":2},"end":{"line":55,"column":null}},"15":{"start":{"line":62,"column":2},"end":{"line":62,"column":null}},"16":{"start":{"line":69,"column":13},"end":{"line":69,"column":null}},"17":{"start":{"line":70,"column":14},"end":{"line":70,"column":null}},"18":{"start":{"line":73,"column":2},"end":{"line":76,"column":null}},"19":{"start":{"line":74,"column":4},"end":{"line":74,"column":null}},"20":{"start":{"line":75,"column":4},"end":{"line":75,"column":null}},"21":{"start":{"line":77,"column":2},"end":{"line":80,"column":null}},"22":{"start":{"line":78,"column":4},"end":{"line":78,"column":null}},"23":{"start":{"line":79,"column":4},"end":{"line":79,"column":null}},"24":{"start":{"line":82,"column":2},"end":{"line":82,"column":null}},"25":{"start":{"line":90,"column":16},"end":{"line":90,"column":null}},"26":{"start":{"line":91,"column":17},"end":{"line":91,"column":null}},"27":{"start":{"line":92,"column":16},"end":{"line":92,"column":null}},"28":{"start":{"line":93,"column":17},"end":{"line":93,"column":null}},"29":{"start":{"line":95,"column":2},"end":{"line":95,"column":null}},"30":{"start":{"line":103,"column":2},"end":{"line":103,"column":null}},"31":{"start":{"line":110,"column":14},"end":{"line":110,"column":null}},"32":{"start":{"line":111,"column":2},"end":{"line":111,"column":null}}},"fnMap":{"0":{"name":"isValidYearMonthString","decl":{"start":{"line":12,"column":16},"end":{"line":12,"column":39}},"loc":{"start":{"line":12,"column":63},"end":{"line":14,"column":null}},"line":12},"1":{"name":"createYearMonth","decl":{"start":{"line":20,"column":16},"end":{"line":20,"column":32}},"loc":{"start":{"line":20,"column":58},"end":{"line":25,"column":null}},"line":20},"2":{"name":"tryCreateYearMonth","decl":{"start":{"line":30,"column":16},"end":{"line":30,"column":35}},"loc":{"start":{"line":30,"column":68},"end":{"line":35,"column":null}},"line":30},"3":{"name":"fromYearAndMonth","decl":{"start":{"line":40,"column":16},"end":{"line":40,"column":33}},"loc":{"start":{"line":40,"column":73},"end":{"line":49,"column":null}},"line":40},"4":{"name":"getYear","decl":{"start":{"line":54,"column":16},"end":{"line":54,"column":24}},"loc":{"start":{"line":54,"column":47},"end":{"line":56,"column":null}},"line":54},"5":{"name":"getMonth","decl":{"start":{"line":61,"column":16},"end":{"line":61,"column":25}},"loc":{"start":{"line":61,"column":48},"end":{"line":63,"column":null}},"line":61},"6":{"name":"addMonths","decl":{"start":{"line":68,"column":16},"end":{"line":68,"column":26}},"loc":{"start":{"line":68,"column":68},"end":{"line":83,"column":null}},"line":68},"7":{"name":"diffMonths","decl":{"start":{"line":89,"column":16},"end":{"line":89,"column":27}},"loc":{"start":{"line":89,"column":67},"end":{"line":96,"column":null}},"line":89},"8":{"name":"compareYearMonth","decl":{"start":{"line":102,"column":16},"end":{"line":102,"column":33}},"loc":{"start":{"line":102,"column":73},"end":{"line":104,"column":null}},"line":102},"9":{"name":"getCurrentYearMonth","decl":{"start":{"line":109,"column":16},"end":{"line":109,"column":49}},"loc":{"start":{"line":109,"column":49},"end":{"line":112,"column":null}},"line":109}},"branchMap":{"0":{"loc":{"start":{"line":21,"column":2},"end":{"line":23,"column":null}},"type":"if","locations":[{"start":{"line":21,"column":2},"end":{"line":23,"column":null}},{"start":{},"end":{}}],"line":21},"1":{"loc":{"start":{"line":31,"column":2},"end":{"line":33,"column":null}},"type":"if","locations":[{"start":{"line":31,"column":2},"end":{"line":33,"column":null}},{"start":{},"end":{}}],"line":31},"2":{"loc":{"start":{"line":41,"column":2},"end":{"line":43,"column":null}},"type":"if","locations":[{"start":{"line":41,"column":2},"end":{"line":43,"column":null}},{"start":{},"end":{}}],"line":41},"3":{"loc":{"start":{"line":41,"column":6},"end":{"line":41,"column":31}},"type":"binary-expr","locations":[{"start":{"line":41,"column":6},"end":{"line":41,"column":19}},{"start":{"line":41,"column":19},"end":{"line":41,"column":31}}],"line":41},"4":{"loc":{"start":{"line":44,"column":2},"end":{"line":46,"column":null}},"type":"if","locations":[{"start":{"line":44,"column":2},"end":{"line":46,"column":null}},{"start":{},"end":{}}],"line":44},"5":{"loc":{"start":{"line":44,"column":6},"end":{"line":44,"column":34}},"type":"binary-expr","locations":[{"start":{"line":44,"column":6},"end":{"line":44,"column":21}},{"start":{"line":44,"column":21},"end":{"line":44,"column":34}}],"line":44}},"s":{"0":6,"1":95,"2":57,"3":2,"4":55,"5":28,"6":4,"7":24,"8":5363,"9":2,"10":5361,"11":1,"12":5360,"13":5360,"14":5339,"15":5774,"16":5324,"17":5324,"18":5324,"19":21378,"20":21378,"21":5324,"22":2,"23":2,"24":5324,"25":7,"26":7,"27":7,"28":7,"29":7,"30":3,"31":33,"32":33},"f":{"0":95,"1":57,"2":28,"3":5363,"4":5339,"5":5774,"6":5324,"7":7,"8":3,"9":33},"b":{"0":[2,55],"1":[4,24],"2":[2,5361],"3":[5363,5362],"4":[1,5360],"5":[5361,5360]},"meta":{"lastBranch":6,"lastFunction":10,"lastStatement":33,"seen":{"s:7:25:7:Infinity":0,"f:12:16:12:39":0,"s:13:2:13:Infinity":1,"f:20:16:20:32":1,"b:21:2:23:Infinity:undefined:undefined:undefined:undefined":0,"s:21:2:23:Infinity":2,"s:22:4:22:Infinity":3,"s:24:2:24:Infinity":4,"f:30:16:30:35":2,"b:31:2:33:Infinity:undefined:undefined:undefined:undefined":1,"s:31:2:33:Infinity":5,"s:32:4:32:Infinity":6,"s:34:2:34:Infinity":7,"f:40:16:40:33":3,"b:41:2:43:Infinity:undefined:undefined:undefined:undefined":2,"s:41:2:43:Infinity":8,"b:41:6:41:19:41:19:41:31":3,"s:42:4:42:Infinity":9,"b:44:2:46:Infinity:undefined:undefined:undefined:undefined":4,"s:44:2:46:Infinity":10,"b:44:6:44:21:44:21:44:34":5,"s:45:4:45:Infinity":11,"s:47:16:47:Infinity":12,"s:48:2:48:Infinity":13,"f:54:16:54:24":4,"s:55:2:55:Infinity":14,"f:61:16:61:25":5,"s:62:2:62:Infinity":15,"f:68:16:68:26":6,"s:69:13:69:Infinity":16,"s:70:14:70:Infinity":17,"s:73:2:76:Infinity":18,"s:74:4:74:Infinity":19,"s:75:4:75:Infinity":20,"s:77:2:80:Infinity":21,"s:78:4:78:Infinity":22,"s:79:4:79:Infinity":23,"s:82:2:82:Infinity":24,"f:89:16:89:27":7,"s:90:16:90:Infinity":25,"s:91:17:91:Infinity":26,"s:92:16:92:Infinity":27,"s:93:17:93:Infinity":28,"s:95:2:95:Infinity":29,"f:102:16:102:33":8,"s:103:2:103:Infinity":30,"f:109:16:109:49":9,"s:110:14:110:Infinity":31,"s:111:2:111:Infinity":32}}}
}
